2020-07-07 18:34:25.877  INFO 33582 --- [main] c.h.a.c.CustomScannersServiceApplication : Starting CustomScannersServiceApplication on MacBook-Pro-de-abdelwahed-2.local with PID 33582 (/Users/abdelwahed/.vscode/extensions/hcltechnologies.hclappscancodesweep-1.1.0/lib/custom-scanners-service-1.0.7.jar started by abdelwahed in /Users/abdelwahed/Desktop/auto-formation/angular/pro-angular9/ng-book/inventory-app)
2020-07-07 18:34:25.892  INFO 33582 --- [main] c.h.a.c.CustomScannersServiceApplication : No active profile set, falling back to default profiles: default
2020-07-07 18:34:27.404  INFO 33582 --- [main] o.s.b.w.embedded.tomcat.TomcatWebServer  : Tomcat initialized with port(s): 9221 (http)
2020-07-07 18:34:27.414  INFO 33582 --- [main] o.apache.catalina.core.StandardService   : Starting service [Tomcat]
2020-07-07 18:34:27.415  INFO 33582 --- [main] org.apache.catalina.core.StandardEngine  : Starting Servlet engine: [Apache Tomcat/9.0.29]
2020-07-07 18:34:27.465  INFO 33582 --- [main] o.a.c.c.C.[Tomcat].[localhost].[/]       : Initializing Spring embedded WebApplicationContext
2020-07-07 18:34:27.465 DEBUG 33582 --- [main] o.s.web.context.ContextLoader            : Published root WebApplicationContext as ServletContext attribute with name [org.springframework.web.context.WebApplicationContext.ROOT]
2020-07-07 18:34:27.465  INFO 33582 --- [main] o.s.web.context.ContextLoader            : Root WebApplicationContext: initialization completed in 1517 ms
2020-07-07 18:34:27.598 DEBUG 33582 --- [main] o.s.b.w.s.ServletContextInitializerBeans : Mapping filters: filterRegistrationBean urls=[/*] order=-2147483647, characterEncodingFilter urls=[/*] order=-2147483648, formContentFilter urls=[/*] order=-9900, requestContextFilter urls=[/*] order=-105
2020-07-07 18:34:27.598 DEBUG 33582 --- [main] o.s.b.w.s.ServletContextInitializerBeans : Mapping servlets: dispatcherServlet urls=[/]
2020-07-07 18:34:28.640 DEBUG 33582 --- [main] s.w.s.m.m.a.RequestMappingHandlerMapping : 19 mappings in 'requestMappingHandlerMapping'
2020-07-07 18:34:28.685  INFO 33582 --- [main] o.s.b.a.e.web.EndpointLinksResolver      : Exposing 2 endpoint(s) beneath base path '/actuator'
2020-07-07 18:34:28.780  INFO 33582 --- [main] pertySourcedRequestMappingHandlerMapping : Mapped URL path [/v2/api-docs] onto method [springfox.documentation.swagger2.web.Swagger2Controller#getDocumentation(String, HttpServletRequest)]
2020-07-07 18:34:28.882  INFO 33582 --- [main] o.s.s.concurrent.ThreadPoolTaskExecutor  : Initializing ExecutorService 'applicationTaskExecutor'
2020-07-07 18:34:28.906 DEBUG 33582 --- [main] s.w.s.m.m.a.RequestMappingHandlerAdapter : ControllerAdvice beans: 0 @ModelAttribute, 0 @InitBinder, 1 RequestBodyAdvice, 1 ResponseBodyAdvice
2020-07-07 18:34:29.033 DEBUG 33582 --- [main] o.s.w.s.handler.SimpleUrlHandlerMapping  : Patterns [/webjars/**, /**] in 'resourceHandlerMapping'
2020-07-07 18:34:29.043 DEBUG 33582 --- [main] .m.m.a.ExceptionHandlerExceptionResolver : ControllerAdvice beans: 1 @ExceptionHandler, 1 ResponseBodyAdvice
2020-07-07 18:34:29.110  INFO 33582 --- [main] d.s.w.p.DocumentationPluginsBootstrapper : Context refreshed
2020-07-07 18:34:29.144  INFO 33582 --- [main] d.s.w.p.DocumentationPluginsBootstrapper : Found 1 custom documentation plugin(s)
2020-07-07 18:34:29.193  INFO 33582 --- [main] s.d.s.w.s.ApiListingReferenceScanner     : Scanning for api listing references
2020-07-07 18:34:29.516  INFO 33582 --- [main] o.s.b.w.embedded.tomcat.TomcatWebServer  : Tomcat started on port(s): 9221 (http) with context path ''
2020-07-07 18:34:29.519  INFO 33582 --- [main] c.h.a.c.CustomScannersServiceApplication : Started CustomScannersServiceApplication in 4.215 seconds (JVM running for 4.777)
2020-07-07 18:34:29.602  INFO 33582 --- [http-nio-9221-exec-1] o.a.c.c.C.[Tomcat].[localhost].[/]       : Initializing Spring DispatcherServlet 'dispatcherServlet'
2020-07-07 18:34:29.602  INFO 33582 --- [http-nio-9221-exec-1] o.s.web.servlet.DispatcherServlet        : Initializing Servlet 'dispatcherServlet'
2020-07-07 18:34:29.602 DEBUG 33582 --- [http-nio-9221-exec-1] o.s.web.servlet.DispatcherServlet        : Detected StandardServletMultipartResolver
2020-07-07 18:34:29.607 DEBUG 33582 --- [http-nio-9221-exec-1] o.s.web.servlet.DispatcherServlet        : enableLoggingRequestDetails='false': request parameters and headers will be masked to prevent unsafe logging of potentially sensitive data
2020-07-07 18:34:29.607  INFO 33582 --- [http-nio-9221-exec-1] o.s.web.servlet.DispatcherServlet        : Completed initialization in 5 ms
2020-07-07 18:34:29.616 DEBUG 33582 --- [http-nio-9221-exec-1] o.s.web.servlet.DispatcherServlet        : GET "/v1/scanRules", parameters={}
2020-07-07 18:34:29.623 DEBUG 33582 --- [http-nio-9221-exec-1] s.w.s.m.m.a.RequestMappingHandlerMapping : Mapped to com.hcl.appscan.customscannersservice.controller.CustomScannersController#getScanRules(String[])
2020-07-07 18:34:29.645 DEBUG 33582 --- [http-nio-9221-exec-1] o.s.w.s.m.m.a.HttpEntityMethodProcessor  : Using 'application/json', given [application/json] and supported [application/json]
2020-07-07 18:34:29.653 DEBUG 33582 --- [http-nio-9221-exec-1] o.s.w.s.m.m.a.HttpEntityMethodProcessor  : Writing [{Golang={com.ouncelabs.languagelite.golang.rules.CommMisconfig=CustomScannersServiceScanRule{ruleNam (truncated)...]
2020-07-07 18:34:29.690 DEBUG 33582 --- [http-nio-9221-exec-1] o.s.web.servlet.DispatcherServlet        : Completed 200 OK
2020-07-07 18:35:43.912 DEBUG 33582 --- [http-nio-9221-exec-2] o.s.web.servlet.DispatcherServlet        : POST "/v1/scanFile", parameters={masked}
2020-07-07 18:35:43.917 DEBUG 33582 --- [http-nio-9221-exec-2] s.w.s.m.m.a.RequestMappingHandlerMapping : Mapped to com.hcl.appscan.customscannersservice.controller.CustomScannersController#runScanFile(MultipartFile, String, int[])
2020-07-07 18:35:43.936 DEBUG 33582 --- [http-nio-9221-exec-2] o.s.w.s.m.m.a.HttpEntityMethodProcessor  : Using 'application/json', given [application/json] and supported [application/json]
2020-07-07 18:35:43.939 DEBUG 33582 --- [http-nio-9221-exec-2] o.s.w.s.m.m.a.HttpEntityMethodProcessor  : Writing [CustomScannerServiceResult{findings=[], articles={}}]
2020-07-07 18:35:43.944 DEBUG 33582 --- [http-nio-9221-exec-2] o.s.web.servlet.DispatcherServlet        : Completed 200 OK
2020-07-07 18:45:16.975 DEBUG 33582 --- [http-nio-9221-exec-3] o.s.web.servlet.DispatcherServlet        : POST "/v1/scanFile", parameters={masked}
2020-07-07 18:45:16.976 DEBUG 33582 --- [http-nio-9221-exec-3] s.w.s.m.m.a.RequestMappingHandlerMapping : Mapped to com.hcl.appscan.customscannersservice.controller.CustomScannersController#runScanFile(MultipartFile, String, int[])
2020-07-07 18:45:16.987 DEBUG 33582 --- [http-nio-9221-exec-3] o.s.w.s.m.m.a.HttpEntityMethodProcessor  : Using 'application/json', given [application/json] and supported [application/json]
2020-07-07 18:45:16.988 DEBUG 33582 --- [http-nio-9221-exec-3] o.s.w.s.m.m.a.HttpEntityMethodProcessor  : Writing [CustomScannerServiceResult{findings=[], articles={}}]
2020-07-07 18:45:16.989 DEBUG 33582 --- [http-nio-9221-exec-3] o.s.web.servlet.DispatcherServlet        : Completed 200 OK
2020-07-07 18:45:20.636 DEBUG 33582 --- [http-nio-9221-exec-4] o.s.web.servlet.DispatcherServlet        : POST "/v1/scanFile", parameters={masked}
2020-07-07 18:45:20.637 DEBUG 33582 --- [http-nio-9221-exec-4] s.w.s.m.m.a.RequestMappingHandlerMapping : Mapped to com.hcl.appscan.customscannersservice.controller.CustomScannersController#runScanFile(MultipartFile, String, int[])
2020-07-07 18:45:20.641 DEBUG 33582 --- [http-nio-9221-exec-4] o.s.w.s.m.m.a.HttpEntityMethodProcessor  : Using 'application/json', given [application/json] and supported [application/json]
2020-07-07 18:45:20.641 DEBUG 33582 --- [http-nio-9221-exec-4] o.s.w.s.m.m.a.HttpEntityMethodProcessor  : Writing [CustomScannerServiceResult{findings=[], articles={}}]
2020-07-07 18:45:20.642 DEBUG 33582 --- [http-nio-9221-exec-4] o.s.web.servlet.DispatcherServlet        : Completed 200 OK
2020-07-07 18:45:34.397 DEBUG 33582 --- [http-nio-9221-exec-5] o.s.web.servlet.DispatcherServlet        : POST "/v1/scanFile", parameters={masked}
2020-07-07 18:45:34.398 DEBUG 33582 --- [http-nio-9221-exec-5] s.w.s.m.m.a.RequestMappingHandlerMapping : Mapped to com.hcl.appscan.customscannersservice.controller.CustomScannersController#runScanFile(MultipartFile, String, int[])
2020-07-07 18:45:34.401 DEBUG 33582 --- [http-nio-9221-exec-5] o.s.w.s.m.m.a.HttpEntityMethodProcessor  : Using 'application/json', given [application/json] and supported [application/json]
2020-07-07 18:45:34.401 DEBUG 33582 --- [http-nio-9221-exec-5] o.s.w.s.m.m.a.HttpEntityMethodProcessor  : Writing [CustomScannerServiceResult{findings=[], articles={}}]
2020-07-07 18:45:34.403 DEBUG 33582 --- [http-nio-9221-exec-5] o.s.web.servlet.DispatcherServlet        : Completed 200 OK
2020-07-07 18:46:01.273 DEBUG 33582 --- [http-nio-9221-exec-6] o.s.web.servlet.DispatcherServlet        : POST "/v1/scanFile", parameters={masked}
2020-07-07 18:46:01.274 DEBUG 33582 --- [http-nio-9221-exec-6] s.w.s.m.m.a.RequestMappingHandlerMapping : Mapped to com.hcl.appscan.customscannersservice.controller.CustomScannersController#runScanFile(MultipartFile, String, int[])
2020-07-07 18:46:01.278 DEBUG 33582 --- [http-nio-9221-exec-6] o.s.w.s.m.m.a.HttpEntityMethodProcessor  : Using 'application/json', given [application/json] and supported [application/json]
2020-07-07 18:46:01.279 DEBUG 33582 --- [http-nio-9221-exec-6] o.s.w.s.m.m.a.HttpEntityMethodProcessor  : Writing [CustomScannerServiceResult{findings=[], articles={}}]
2020-07-07 18:46:01.281 DEBUG 33582 --- [http-nio-9221-exec-6] o.s.web.servlet.DispatcherServlet        : Completed 200 OK
2020-07-07 18:46:36.631 DEBUG 33582 --- [http-nio-9221-exec-7] o.s.web.servlet.DispatcherServlet        : POST "/v1/scanFile", parameters={masked}
2020-07-07 18:46:36.632 DEBUG 33582 --- [http-nio-9221-exec-7] s.w.s.m.m.a.RequestMappingHandlerMapping : Mapped to com.hcl.appscan.customscannersservice.controller.CustomScannersController#runScanFile(MultipartFile, String, int[])
2020-07-07 18:46:36.637 DEBUG 33582 --- [http-nio-9221-exec-7] o.s.w.s.m.m.a.HttpEntityMethodProcessor  : Using 'application/json', given [application/json] and supported [application/json]
2020-07-07 18:46:36.637 DEBUG 33582 --- [http-nio-9221-exec-7] o.s.w.s.m.m.a.HttpEntityMethodProcessor  : Writing [CustomScannerServiceResult{findings=[], articles={}}]
2020-07-07 18:46:36.638 DEBUG 33582 --- [http-nio-9221-exec-7] o.s.web.servlet.DispatcherServlet        : Completed 200 OK
2020-07-07 18:46:39.550 DEBUG 33582 --- [http-nio-9221-exec-8] o.s.web.servlet.DispatcherServlet        : POST "/v1/scanFile", parameters={masked}
2020-07-07 18:46:39.551 DEBUG 33582 --- [http-nio-9221-exec-8] s.w.s.m.m.a.RequestMappingHandlerMapping : Mapped to com.hcl.appscan.customscannersservice.controller.CustomScannersController#runScanFile(MultipartFile, String, int[])
2020-07-07 18:46:39.556 DEBUG 33582 --- [http-nio-9221-exec-8] o.s.w.s.m.m.a.HttpEntityMethodProcessor  : Using 'application/json', given [application/json] and supported [application/json]
2020-07-07 18:46:39.556 DEBUG 33582 --- [http-nio-9221-exec-8] o.s.w.s.m.m.a.HttpEntityMethodProcessor  : Writing [CustomScannerServiceResult{findings=[], articles={}}]
2020-07-07 18:46:39.557 DEBUG 33582 --- [http-nio-9221-exec-8] o.s.web.servlet.DispatcherServlet        : Completed 200 OK
2020-07-07 18:46:41.691 DEBUG 33582 --- [http-nio-9221-exec-9] o.s.web.servlet.DispatcherServlet        : POST "/v1/scanFile", parameters={masked}
2020-07-07 18:46:41.691 DEBUG 33582 --- [http-nio-9221-exec-9] s.w.s.m.m.a.RequestMappingHandlerMapping : Mapped to com.hcl.appscan.customscannersservice.controller.CustomScannersController#runScanFile(MultipartFile, String, int[])
2020-07-07 18:46:41.697 DEBUG 33582 --- [http-nio-9221-exec-9] o.s.w.s.m.m.a.HttpEntityMethodProcessor  : Using 'application/json', given [application/json] and supported [application/json]
2020-07-07 18:46:41.698 DEBUG 33582 --- [http-nio-9221-exec-9] o.s.w.s.m.m.a.HttpEntityMethodProcessor  : Writing [CustomScannerServiceResult{findings=[], articles={}}]
2020-07-07 18:46:41.699 DEBUG 33582 --- [http-nio-9221-exec-9] o.s.web.servlet.DispatcherServlet        : Completed 200 OK
2020-07-07 18:46:49.278 DEBUG 33582 --- [http-nio-9221-exec-10] o.s.web.servlet.DispatcherServlet        : POST "/v1/scanFile", parameters={masked}
2020-07-07 18:46:49.280 DEBUG 33582 --- [http-nio-9221-exec-10] s.w.s.m.m.a.RequestMappingHandlerMapping : Mapped to com.hcl.appscan.customscannersservice.controller.CustomScannersController#runScanFile(MultipartFile, String, int[])
2020-07-07 18:46:49.286 DEBUG 33582 --- [http-nio-9221-exec-10] o.s.w.s.m.m.a.HttpEntityMethodProcessor  : Using 'application/json', given [application/json] and supported [application/json]
2020-07-07 18:46:49.286 DEBUG 33582 --- [http-nio-9221-exec-10] o.s.w.s.m.m.a.HttpEntityMethodProcessor  : Writing [CustomScannerServiceResult{findings=[], articles={}}]
2020-07-07 18:46:49.288 DEBUG 33582 --- [http-nio-9221-exec-10] o.s.web.servlet.DispatcherServlet        : Completed 200 OK
2020-07-07 18:46:53.166 DEBUG 33582 --- [http-nio-9221-exec-1] o.s.web.servlet.DispatcherServlet        : POST "/v1/scanFile", parameters={masked}
2020-07-07 18:46:53.167 DEBUG 33582 --- [http-nio-9221-exec-1] s.w.s.m.m.a.RequestMappingHandlerMapping : Mapped to com.hcl.appscan.customscannersservice.controller.CustomScannersController#runScanFile(MultipartFile, String, int[])
2020-07-07 18:46:53.174 DEBUG 33582 --- [http-nio-9221-exec-1] o.s.w.s.m.m.a.HttpEntityMethodProcessor  : Using 'application/json', given [application/json] and supported [application/json]
2020-07-07 18:46:53.175 DEBUG 33582 --- [http-nio-9221-exec-1] o.s.w.s.m.m.a.HttpEntityMethodProcessor  : Writing [CustomScannerServiceResult{findings=[], articles={}}]
2020-07-07 18:46:53.176 DEBUG 33582 --- [http-nio-9221-exec-1] o.s.web.servlet.DispatcherServlet        : Completed 200 OK
2020-07-07 18:48:56.643 DEBUG 33582 --- [http-nio-9221-exec-2] o.s.web.servlet.DispatcherServlet        : POST "/v1/scanFile", parameters={masked}
2020-07-07 18:48:56.643 DEBUG 33582 --- [http-nio-9221-exec-2] s.w.s.m.m.a.RequestMappingHandlerMapping : Mapped to com.hcl.appscan.customscannersservice.controller.CustomScannersController#runScanFile(MultipartFile, String, int[])
2020-07-07 18:48:56.665 DEBUG 33582 --- [http-nio-9221-exec-2] o.s.w.s.m.m.a.HttpEntityMethodProcessor  : Using 'application/json', given [application/json] and supported [application/json]
2020-07-07 18:48:56.665 DEBUG 33582 --- [http-nio-9221-exec-2] o.s.w.s.m.m.a.HttpEntityMethodProcessor  : Writing [CustomScannerServiceResult{findings=[CustomScannersServiceFinding{file='app.component.ts', lineNumbe (truncated)...]
2020-07-07 18:48:56.695 DEBUG 33582 --- [http-nio-9221-exec-2] o.s.web.servlet.DispatcherServlet        : Completed 200 OK
2020-07-07 18:51:10.245 DEBUG 33582 --- [http-nio-9221-exec-3] o.s.web.servlet.DispatcherServlet        : GET "/v1/ignore/ruleName", parameters={}
2020-07-07 18:51:10.246 DEBUG 33582 --- [http-nio-9221-exec-3] s.w.s.m.m.a.RequestMappingHandlerMapping : Mapped to com.hcl.appscan.customscannersservice.controller.CustomScannersController#getRuleNameIgnoreRules()
2020-07-07 18:51:10.246 DEBUG 33582 --- [http-nio-9221-exec-3] o.s.w.s.m.m.a.HttpEntityMethodProcessor  : Using 'application/json', given [application/json] and supported [application/json]
2020-07-07 18:51:10.247 DEBUG 33582 --- [http-nio-9221-exec-4] o.s.web.servlet.DispatcherServlet        : POST "/v1/scanFile", parameters={masked}
2020-07-07 18:51:10.248 DEBUG 33582 --- [http-nio-9221-exec-4] s.w.s.m.m.a.RequestMappingHandlerMapping : Mapped to com.hcl.appscan.customscannersservice.controller.CustomScannersController#runScanFile(MultipartFile, String, int[])
2020-07-07 18:51:10.250 DEBUG 33582 --- [http-nio-9221-exec-4] o.s.w.s.m.m.a.HttpEntityMethodProcessor  : Using 'application/json', given [application/json] and supported [application/json]
2020-07-07 18:51:10.251 DEBUG 33582 --- [http-nio-9221-exec-4] o.s.w.s.m.m.a.HttpEntityMethodProcessor  : Writing [CustomScannerServiceResult{findings=[], articles={}}]
2020-07-07 18:51:10.252 DEBUG 33582 --- [http-nio-9221-exec-4] o.s.web.servlet.DispatcherServlet        : Completed 200 OK
2020-07-07 18:51:10.257 DEBUG 33582 --- [http-nio-9221-exec-3] o.s.w.s.m.m.a.HttpEntityMethodProcessor  : Writing [[]]
2020-07-07 18:51:10.259 DEBUG 33582 --- [http-nio-9221-exec-3] o.s.web.servlet.DispatcherServlet        : Completed 200 OK
2020-07-07 18:51:21.187 DEBUG 33582 --- [http-nio-9221-exec-5] o.s.web.servlet.DispatcherServlet        : GET "/v1/ignore/ruleName", parameters={}
2020-07-07 18:51:21.188 DEBUG 33582 --- [http-nio-9221-exec-5] s.w.s.m.m.a.RequestMappingHandlerMapping : Mapped to com.hcl.appscan.customscannersservice.controller.CustomScannersController#getRuleNameIgnoreRules()
2020-07-07 18:51:21.188 DEBUG 33582 --- [http-nio-9221-exec-5] o.s.w.s.m.m.a.HttpEntityMethodProcessor  : Using 'application/json', given [application/json] and supported [application/json]
2020-07-07 18:51:21.189 DEBUG 33582 --- [http-nio-9221-exec-5] o.s.w.s.m.m.a.HttpEntityMethodProcessor  : Writing [[]]
2020-07-07 18:51:21.189 DEBUG 33582 --- [http-nio-9221-exec-6] o.s.web.servlet.DispatcherServlet        : POST "/v1/scanFile", parameters={masked}
2020-07-07 18:51:21.189 DEBUG 33582 --- [http-nio-9221-exec-5] o.s.web.servlet.DispatcherServlet        : Completed 200 OK
2020-07-07 18:51:21.190 DEBUG 33582 --- [http-nio-9221-exec-6] s.w.s.m.m.a.RequestMappingHandlerMapping : Mapped to com.hcl.appscan.customscannersservice.controller.CustomScannersController#runScanFile(MultipartFile, String, int[])
2020-07-07 18:51:21.193 DEBUG 33582 --- [http-nio-9221-exec-6] o.s.w.s.m.m.a.HttpEntityMethodProcessor  : Using 'application/json', given [application/json] and supported [application/json]
2020-07-07 18:51:21.193 DEBUG 33582 --- [http-nio-9221-exec-6] o.s.w.s.m.m.a.HttpEntityMethodProcessor  : Writing [CustomScannerServiceResult{findings=[], articles={}}]
2020-07-07 18:51:21.195 DEBUG 33582 --- [http-nio-9221-exec-6] o.s.web.servlet.DispatcherServlet        : Completed 200 OK
2020-07-07 18:52:06.093 DEBUG 33582 --- [http-nio-9221-exec-7] o.s.web.servlet.DispatcherServlet        : GET "/v1/ignore/ruleName", parameters={}
2020-07-07 18:52:06.095 DEBUG 33582 --- [http-nio-9221-exec-7] s.w.s.m.m.a.RequestMappingHandlerMapping : Mapped to com.hcl.appscan.customscannersservice.controller.CustomScannersController#getRuleNameIgnoreRules()
2020-07-07 18:52:06.096 DEBUG 33582 --- [http-nio-9221-exec-7] o.s.w.s.m.m.a.HttpEntityMethodProcessor  : Using 'application/json', given [application/json] and supported [application/json]
2020-07-07 18:52:06.096 DEBUG 33582 --- [http-nio-9221-exec-7] o.s.w.s.m.m.a.HttpEntityMethodProcessor  : Writing [[]]
2020-07-07 18:52:06.097 DEBUG 33582 --- [http-nio-9221-exec-8] o.s.web.servlet.DispatcherServlet        : POST "/v1/scanFile", parameters={masked}
2020-07-07 18:52:06.098 DEBUG 33582 --- [http-nio-9221-exec-7] o.s.web.servlet.DispatcherServlet        : Completed 200 OK
2020-07-07 18:52:06.099 DEBUG 33582 --- [http-nio-9221-exec-8] s.w.s.m.m.a.RequestMappingHandlerMapping : Mapped to com.hcl.appscan.customscannersservice.controller.CustomScannersController#runScanFile(MultipartFile, String, int[])
2020-07-07 18:52:06.102 DEBUG 33582 --- [http-nio-9221-exec-8] o.s.w.s.m.m.a.HttpEntityMethodProcessor  : Using 'application/json', given [application/json] and supported [application/json]
2020-07-07 18:52:06.103 DEBUG 33582 --- [http-nio-9221-exec-8] o.s.w.s.m.m.a.HttpEntityMethodProcessor  : Writing [CustomScannerServiceResult{findings=[], articles={}}]
2020-07-07 18:52:06.104 DEBUG 33582 --- [http-nio-9221-exec-8] o.s.web.servlet.DispatcherServlet        : Completed 200 OK
2020-07-07 19:00:40.732 DEBUG 33582 --- [http-nio-9221-exec-9] o.s.web.servlet.DispatcherServlet        : POST "/v1/scanFile", parameters={masked}
2020-07-07 19:00:40.734 DEBUG 33582 --- [http-nio-9221-exec-9] s.w.s.m.m.a.RequestMappingHandlerMapping : Mapped to com.hcl.appscan.customscannersservice.controller.CustomScannersController#runScanFile(MultipartFile, String, int[])
2020-07-07 19:00:40.740 DEBUG 33582 --- [http-nio-9221-exec-9] o.s.w.s.m.m.a.HttpEntityMethodProcessor  : Using 'application/json', given [application/json] and supported [application/json]
2020-07-07 19:00:40.741 DEBUG 33582 --- [http-nio-9221-exec-9] o.s.w.s.m.m.a.HttpEntityMethodProcessor  : Writing [CustomScannerServiceResult{findings=[CustomScannersServiceFinding{file='app.component.ts', lineNumbe (truncated)...]
2020-07-07 19:00:40.744 DEBUG 33582 --- [http-nio-9221-exec-9] o.s.web.servlet.DispatcherServlet        : Completed 200 OK
2020-07-07 19:00:43.721 DEBUG 33582 --- [http-nio-9221-exec-10] o.s.web.servlet.DispatcherServlet        : POST "/v1/scanFile", parameters={masked}
2020-07-07 19:00:43.722 DEBUG 33582 --- [http-nio-9221-exec-10] s.w.s.m.m.a.RequestMappingHandlerMapping : Mapped to com.hcl.appscan.customscannersservice.controller.CustomScannersController#runScanFile(MultipartFile, String, int[])
2020-07-07 19:00:43.732 DEBUG 33582 --- [http-nio-9221-exec-10] o.s.w.s.m.m.a.HttpEntityMethodProcessor  : Using 'application/json', given [application/json] and supported [application/json]
2020-07-07 19:00:43.732 DEBUG 33582 --- [http-nio-9221-exec-10] o.s.w.s.m.m.a.HttpEntityMethodProcessor  : Writing [CustomScannerServiceResult{findings=[CustomScannersServiceFinding{file='app.component.ts', lineNumbe (truncated)...]
2020-07-07 19:00:43.736 DEBUG 33582 --- [http-nio-9221-exec-10] o.s.web.servlet.DispatcherServlet        : Completed 200 OK
2020-07-07 19:02:05.322 DEBUG 33582 --- [http-nio-9221-exec-1] o.s.web.servlet.DispatcherServlet        : GET "/v1/ignore/ruleName", parameters={}
2020-07-07 19:02:05.325 DEBUG 33582 --- [http-nio-9221-exec-1] s.w.s.m.m.a.RequestMappingHandlerMapping : Mapped to com.hcl.appscan.customscannersservice.controller.CustomScannersController#getRuleNameIgnoreRules()
2020-07-07 19:02:05.327 DEBUG 33582 --- [http-nio-9221-exec-2] o.s.web.servlet.DispatcherServlet        : POST "/v1/scanFile", parameters={masked}
2020-07-07 19:02:05.327 DEBUG 33582 --- [http-nio-9221-exec-1] o.s.w.s.m.m.a.HttpEntityMethodProcessor  : Using 'application/json', given [application/json] and supported [application/json]
2020-07-07 19:02:05.327 DEBUG 33582 --- [http-nio-9221-exec-1] o.s.w.s.m.m.a.HttpEntityMethodProcessor  : Writing [[]]
2020-07-07 19:02:05.328 DEBUG 33582 --- [http-nio-9221-exec-2] s.w.s.m.m.a.RequestMappingHandlerMapping : Mapped to com.hcl.appscan.customscannersservice.controller.CustomScannersController#runScanFile(MultipartFile, String, int[])
2020-07-07 19:02:05.328 DEBUG 33582 --- [http-nio-9221-exec-1] o.s.web.servlet.DispatcherServlet        : Completed 200 OK
2020-07-07 19:02:05.332 DEBUG 33582 --- [http-nio-9221-exec-2] o.s.w.s.m.m.a.HttpEntityMethodProcessor  : Using 'application/json', given [application/json] and supported [application/json]
2020-07-07 19:02:05.332 DEBUG 33582 --- [http-nio-9221-exec-2] o.s.w.s.m.m.a.HttpEntityMethodProcessor  : Writing [CustomScannerServiceResult{findings=[], articles={}}]
2020-07-07 19:02:05.334 DEBUG 33582 --- [http-nio-9221-exec-2] o.s.web.servlet.DispatcherServlet        : Completed 200 OK
2020-07-07 19:02:13.285 DEBUG 33582 --- [http-nio-9221-exec-4] o.s.web.servlet.DispatcherServlet        : GET "/v1/ignore/ruleName", parameters={}
2020-07-07 19:02:13.286 DEBUG 33582 --- [http-nio-9221-exec-4] s.w.s.m.m.a.RequestMappingHandlerMapping : Mapped to com.hcl.appscan.customscannersservice.controller.CustomScannersController#getRuleNameIgnoreRules()
2020-07-07 19:02:13.286 DEBUG 33582 --- [http-nio-9221-exec-3] o.s.web.servlet.DispatcherServlet        : POST "/v1/scanFile", parameters={masked}
2020-07-07 19:02:13.286 DEBUG 33582 --- [http-nio-9221-exec-4] o.s.w.s.m.m.a.HttpEntityMethodProcessor  : Using 'application/json', given [application/json] and supported [application/json]
2020-07-07 19:02:13.286 DEBUG 33582 --- [http-nio-9221-exec-4] o.s.w.s.m.m.a.HttpEntityMethodProcessor  : Writing [[]]
2020-07-07 19:02:13.287 DEBUG 33582 --- [http-nio-9221-exec-3] s.w.s.m.m.a.RequestMappingHandlerMapping : Mapped to com.hcl.appscan.customscannersservice.controller.CustomScannersController#runScanFile(MultipartFile, String, int[])
2020-07-07 19:02:13.287 DEBUG 33582 --- [http-nio-9221-exec-4] o.s.web.servlet.DispatcherServlet        : Completed 200 OK
2020-07-07 19:02:13.291 DEBUG 33582 --- [http-nio-9221-exec-3] o.s.w.s.m.m.a.HttpEntityMethodProcessor  : Using 'application/json', given [application/json] and supported [application/json]
2020-07-07 19:02:13.291 DEBUG 33582 --- [http-nio-9221-exec-3] o.s.w.s.m.m.a.HttpEntityMethodProcessor  : Writing [CustomScannerServiceResult{findings=[], articles={}}]
2020-07-07 19:02:13.292 DEBUG 33582 --- [http-nio-9221-exec-3] o.s.web.servlet.DispatcherServlet        : Completed 200 OK
2020-07-07 19:44:42.134 DEBUG 33582 --- [http-nio-9221-exec-5] o.s.web.servlet.DispatcherServlet        : GET "/v1/ignore/ruleName", parameters={}
2020-07-07 19:44:42.135 DEBUG 33582 --- [http-nio-9221-exec-6] o.s.web.servlet.DispatcherServlet        : POST "/v1/scanFile", parameters={masked}
2020-07-07 19:44:42.135 DEBUG 33582 --- [http-nio-9221-exec-5] s.w.s.m.m.a.RequestMappingHandlerMapping : Mapped to com.hcl.appscan.customscannersservice.controller.CustomScannersController#getRuleNameIgnoreRules()
2020-07-07 19:44:42.136 DEBUG 33582 --- [http-nio-9221-exec-5] o.s.w.s.m.m.a.HttpEntityMethodProcessor  : Using 'application/json', given [application/json] and supported [application/json]
2020-07-07 19:44:42.136 DEBUG 33582 --- [http-nio-9221-exec-6] s.w.s.m.m.a.RequestMappingHandlerMapping : Mapped to com.hcl.appscan.customscannersservice.controller.CustomScannersController#runScanFile(MultipartFile, String, int[])
2020-07-07 19:44:42.137 DEBUG 33582 --- [http-nio-9221-exec-5] o.s.w.s.m.m.a.HttpEntityMethodProcessor  : Writing [[]]
2020-07-07 19:44:42.137 DEBUG 33582 --- [http-nio-9221-exec-5] o.s.web.servlet.DispatcherServlet        : Completed 200 OK
2020-07-07 19:44:42.142 DEBUG 33582 --- [http-nio-9221-exec-6] o.s.w.s.m.m.a.HttpEntityMethodProcessor  : Using 'application/json', given [application/json] and supported [application/json]
2020-07-07 19:44:42.142 DEBUG 33582 --- [http-nio-9221-exec-6] o.s.w.s.m.m.a.HttpEntityMethodProcessor  : Writing [CustomScannerServiceResult{findings=[], articles={}}]
2020-07-07 19:44:42.143 DEBUG 33582 --- [http-nio-9221-exec-6] o.s.web.servlet.DispatcherServlet        : Completed 200 OK
2020-07-07 19:46:10.863 DEBUG 33582 --- [http-nio-9221-exec-7] o.s.web.servlet.DispatcherServlet        : GET "/v1/ignore/ruleName", parameters={}
2020-07-07 19:46:10.864 DEBUG 33582 --- [http-nio-9221-exec-7] s.w.s.m.m.a.RequestMappingHandlerMapping : Mapped to com.hcl.appscan.customscannersservice.controller.CustomScannersController#getRuleNameIgnoreRules()
2020-07-07 19:46:10.865 DEBUG 33582 --- [http-nio-9221-exec-8] o.s.web.servlet.DispatcherServlet        : POST "/v1/scanFile", parameters={masked}
2020-07-07 19:46:10.865 DEBUG 33582 --- [http-nio-9221-exec-7] o.s.w.s.m.m.a.HttpEntityMethodProcessor  : Using 'application/json', given [application/json] and supported [application/json]
2020-07-07 19:46:10.866 DEBUG 33582 --- [http-nio-9221-exec-7] o.s.w.s.m.m.a.HttpEntityMethodProcessor  : Writing [[]]
2020-07-07 19:46:10.866 DEBUG 33582 --- [http-nio-9221-exec-8] s.w.s.m.m.a.RequestMappingHandlerMapping : Mapped to com.hcl.appscan.customscannersservice.controller.CustomScannersController#runScanFile(MultipartFile, String, int[])
2020-07-07 19:46:10.867 DEBUG 33582 --- [http-nio-9221-exec-7] o.s.web.servlet.DispatcherServlet        : Completed 200 OK
2020-07-07 19:46:10.870 DEBUG 33582 --- [http-nio-9221-exec-8] o.s.w.s.m.m.a.HttpEntityMethodProcessor  : Using 'application/json', given [application/json] and supported [application/json]
2020-07-07 19:46:10.870 DEBUG 33582 --- [http-nio-9221-exec-8] o.s.w.s.m.m.a.HttpEntityMethodProcessor  : Writing [CustomScannerServiceResult{findings=[], articles={}}]
2020-07-07 19:46:10.871 DEBUG 33582 --- [http-nio-9221-exec-8] o.s.web.servlet.DispatcherServlet        : Completed 200 OK
2020-07-07 19:46:13.560 DEBUG 33582 --- [http-nio-9221-exec-9] o.s.web.servlet.DispatcherServlet        : POST "/v1/scanFile", parameters={masked}
2020-07-07 19:46:13.561 DEBUG 33582 --- [http-nio-9221-exec-9] s.w.s.m.m.a.RequestMappingHandlerMapping : Mapped to com.hcl.appscan.customscannersservice.controller.CustomScannersController#runScanFile(MultipartFile, String, int[])
2020-07-07 19:46:13.569 DEBUG 33582 --- [http-nio-9221-exec-9] o.s.w.s.m.m.a.HttpEntityMethodProcessor  : Using 'application/json', given [application/json] and supported [application/json]
2020-07-07 19:46:13.570 DEBUG 33582 --- [http-nio-9221-exec-9] o.s.w.s.m.m.a.HttpEntityMethodProcessor  : Writing [CustomScannerServiceResult{findings=[CustomScannersServiceFinding{file='app.component.ts', lineNumbe (truncated)...]
2020-07-07 19:46:13.574 DEBUG 33582 --- [http-nio-9221-exec-9] o.s.web.servlet.DispatcherServlet        : Completed 200 OK
2020-07-07 19:46:18.251 DEBUG 33582 --- [http-nio-9221-exec-10] o.s.web.servlet.DispatcherServlet        : POST "/v1/scanFile", parameters={masked}
2020-07-07 19:46:18.251 DEBUG 33582 --- [http-nio-9221-exec-10] s.w.s.m.m.a.RequestMappingHandlerMapping : Mapped to com.hcl.appscan.customscannersservice.controller.CustomScannersController#runScanFile(MultipartFile, String, int[])
2020-07-07 19:46:18.259 DEBUG 33582 --- [http-nio-9221-exec-10] o.s.w.s.m.m.a.HttpEntityMethodProcessor  : Using 'application/json', given [application/json] and supported [application/json]
2020-07-07 19:46:18.259 DEBUG 33582 --- [http-nio-9221-exec-10] o.s.w.s.m.m.a.HttpEntityMethodProcessor  : Writing [CustomScannerServiceResult{findings=[CustomScannersServiceFinding{file='app.component.ts', lineNumbe (truncated)...]
2020-07-07 19:46:18.261 DEBUG 33582 --- [http-nio-9221-exec-10] o.s.web.servlet.DispatcherServlet        : Completed 200 OK
2020-07-07 19:47:19.829 DEBUG 33582 --- [http-nio-9221-exec-1] o.s.web.servlet.DispatcherServlet        : GET "/v1/ignore/ruleName", parameters={}
2020-07-07 19:47:19.830 DEBUG 33582 --- [http-nio-9221-exec-1] s.w.s.m.m.a.RequestMappingHandlerMapping : Mapped to com.hcl.appscan.customscannersservice.controller.CustomScannersController#getRuleNameIgnoreRules()
2020-07-07 19:47:19.831 DEBUG 33582 --- [http-nio-9221-exec-1] o.s.w.s.m.m.a.HttpEntityMethodProcessor  : Using 'application/json', given [application/json] and supported [application/json]
2020-07-07 19:47:19.831 DEBUG 33582 --- [http-nio-9221-exec-1] o.s.w.s.m.m.a.HttpEntityMethodProcessor  : Writing [[]]
2020-07-07 19:47:19.832 DEBUG 33582 --- [http-nio-9221-exec-2] o.s.web.servlet.DispatcherServlet        : POST "/v1/scanFile", parameters={masked}
2020-07-07 19:47:19.833 DEBUG 33582 --- [http-nio-9221-exec-1] o.s.web.servlet.DispatcherServlet        : Completed 200 OK
2020-07-07 19:47:19.834 DEBUG 33582 --- [http-nio-9221-exec-2] s.w.s.m.m.a.RequestMappingHandlerMapping : Mapped to com.hcl.appscan.customscannersservice.controller.CustomScannersController#runScanFile(MultipartFile, String, int[])
2020-07-07 19:47:19.837 DEBUG 33582 --- [http-nio-9221-exec-2] o.s.w.s.m.m.a.HttpEntityMethodProcessor  : Using 'application/json', given [application/json] and supported [application/json]
2020-07-07 19:47:19.837 DEBUG 33582 --- [http-nio-9221-exec-2] o.s.w.s.m.m.a.HttpEntityMethodProcessor  : Writing [CustomScannerServiceResult{findings=[], articles={}}]
2020-07-07 19:47:19.838 DEBUG 33582 --- [http-nio-9221-exec-2] o.s.web.servlet.DispatcherServlet        : Completed 200 OK
2020-07-07 19:47:25.063 DEBUG 33582 --- [http-nio-9221-exec-4] o.s.web.servlet.DispatcherServlet        : POST "/v1/scanFile", parameters={masked}
2020-07-07 19:47:25.064 DEBUG 33582 --- [http-nio-9221-exec-4] s.w.s.m.m.a.RequestMappingHandlerMapping : Mapped to com.hcl.appscan.customscannersservice.controller.CustomScannersController#runScanFile(MultipartFile, String, int[])
2020-07-07 19:47:25.069 DEBUG 33582 --- [http-nio-9221-exec-4] o.s.w.s.m.m.a.HttpEntityMethodProcessor  : Using 'application/json', given [application/json] and supported [application/json]
2020-07-07 19:47:25.070 DEBUG 33582 --- [http-nio-9221-exec-4] o.s.w.s.m.m.a.HttpEntityMethodProcessor  : Writing [CustomScannerServiceResult{findings=[CustomScannersServiceFinding{file='app.component.ts', lineNumbe (truncated)...]
2020-07-07 19:47:25.072 DEBUG 33582 --- [http-nio-9221-exec-4] o.s.web.servlet.DispatcherServlet        : Completed 200 OK
2020-07-07 19:48:43.264 DEBUG 33582 --- [http-nio-9221-exec-3] o.s.web.servlet.DispatcherServlet        : GET "/v1/ignore/ruleName", parameters={}
2020-07-07 19:48:43.265 DEBUG 33582 --- [http-nio-9221-exec-3] s.w.s.m.m.a.RequestMappingHandlerMapping : Mapped to com.hcl.appscan.customscannersservice.controller.CustomScannersController#getRuleNameIgnoreRules()
2020-07-07 19:48:43.265 DEBUG 33582 --- [http-nio-9221-exec-5] o.s.web.servlet.DispatcherServlet        : POST "/v1/scanFile", parameters={masked}
2020-07-07 19:48:43.265 DEBUG 33582 --- [http-nio-9221-exec-3] o.s.w.s.m.m.a.HttpEntityMethodProcessor  : Using 'application/json', given [application/json] and supported [application/json]
2020-07-07 19:48:43.266 DEBUG 33582 --- [http-nio-9221-exec-3] o.s.w.s.m.m.a.HttpEntityMethodProcessor  : Writing [[]]
2020-07-07 19:48:43.266 DEBUG 33582 --- [http-nio-9221-exec-5] s.w.s.m.m.a.RequestMappingHandlerMapping : Mapped to com.hcl.appscan.customscannersservice.controller.CustomScannersController#runScanFile(MultipartFile, String, int[])
2020-07-07 19:48:43.266 DEBUG 33582 --- [http-nio-9221-exec-3] o.s.web.servlet.DispatcherServlet        : Completed 200 OK
2020-07-07 19:48:43.269 DEBUG 33582 --- [http-nio-9221-exec-5] o.s.w.s.m.m.a.HttpEntityMethodProcessor  : Using 'application/json', given [application/json] and supported [application/json]
2020-07-07 19:48:43.270 DEBUG 33582 --- [http-nio-9221-exec-5] o.s.w.s.m.m.a.HttpEntityMethodProcessor  : Writing [CustomScannerServiceResult{findings=[], articles={}}]
2020-07-07 19:48:43.270 DEBUG 33582 --- [http-nio-9221-exec-5] o.s.web.servlet.DispatcherServlet        : Completed 200 OK
2020-07-07 19:49:21.278 DEBUG 33582 --- [http-nio-9221-exec-6] o.s.web.servlet.DispatcherServlet        : GET "/v1/ignore/ruleName", parameters={}
2020-07-07 19:49:21.279 DEBUG 33582 --- [http-nio-9221-exec-6] s.w.s.m.m.a.RequestMappingHandlerMapping : Mapped to com.hcl.appscan.customscannersservice.controller.CustomScannersController#getRuleNameIgnoreRules()
2020-07-07 19:49:21.281 DEBUG 33582 --- [http-nio-9221-exec-6] o.s.w.s.m.m.a.HttpEntityMethodProcessor  : Using 'application/json', given [application/json] and supported [application/json]
2020-07-07 19:49:21.281 DEBUG 33582 --- [http-nio-9221-exec-7] o.s.web.servlet.DispatcherServlet        : POST "/v1/scanFile", parameters={masked}
2020-07-07 19:49:21.281 DEBUG 33582 --- [http-nio-9221-exec-6] o.s.w.s.m.m.a.HttpEntityMethodProcessor  : Writing [[]]
2020-07-07 19:49:21.282 DEBUG 33582 --- [http-nio-9221-exec-6] o.s.web.servlet.DispatcherServlet        : Completed 200 OK
2020-07-07 19:49:21.282 DEBUG 33582 --- [http-nio-9221-exec-7] s.w.s.m.m.a.RequestMappingHandlerMapping : Mapped to com.hcl.appscan.customscannersservice.controller.CustomScannersController#runScanFile(MultipartFile, String, int[])
2020-07-07 19:49:21.285 DEBUG 33582 --- [http-nio-9221-exec-7] o.s.w.s.m.m.a.HttpEntityMethodProcessor  : Using 'application/json', given [application/json] and supported [application/json]
2020-07-07 19:49:21.285 DEBUG 33582 --- [http-nio-9221-exec-7] o.s.w.s.m.m.a.HttpEntityMethodProcessor  : Writing [CustomScannerServiceResult{findings=[], articles={}}]
2020-07-07 19:49:21.285 DEBUG 33582 --- [http-nio-9221-exec-7] o.s.web.servlet.DispatcherServlet        : Completed 200 OK
2020-07-07 19:50:49.016 DEBUG 33582 --- [http-nio-9221-exec-8] o.s.web.servlet.DispatcherServlet        : GET "/v1/ignore/ruleName", parameters={}
2020-07-07 19:50:49.017 DEBUG 33582 --- [http-nio-9221-exec-8] s.w.s.m.m.a.RequestMappingHandlerMapping : Mapped to com.hcl.appscan.customscannersservice.controller.CustomScannersController#getRuleNameIgnoreRules()
2020-07-07 19:50:49.018 DEBUG 33582 --- [http-nio-9221-exec-9] o.s.web.servlet.DispatcherServlet        : POST "/v1/scanFile", parameters={masked}
2020-07-07 19:50:49.018 DEBUG 33582 --- [http-nio-9221-exec-8] o.s.w.s.m.m.a.HttpEntityMethodProcessor  : Using 'application/json', given [application/json] and supported [application/json]
2020-07-07 19:50:49.018 DEBUG 33582 --- [http-nio-9221-exec-8] o.s.w.s.m.m.a.HttpEntityMethodProcessor  : Writing [[]]
2020-07-07 19:50:49.019 DEBUG 33582 --- [http-nio-9221-exec-9] s.w.s.m.m.a.RequestMappingHandlerMapping : Mapped to com.hcl.appscan.customscannersservice.controller.CustomScannersController#runScanFile(MultipartFile, String, int[])
2020-07-07 19:50:49.019 DEBUG 33582 --- [http-nio-9221-exec-8] o.s.web.servlet.DispatcherServlet        : Completed 200 OK
2020-07-07 19:50:49.021 DEBUG 33582 --- [http-nio-9221-exec-9] o.s.w.s.m.m.a.HttpEntityMethodProcessor  : Using 'application/json', given [application/json] and supported [application/json]
2020-07-07 19:50:49.022 DEBUG 33582 --- [http-nio-9221-exec-9] o.s.w.s.m.m.a.HttpEntityMethodProcessor  : Writing [CustomScannerServiceResult{findings=[], articles={}}]
2020-07-07 19:50:49.022 DEBUG 33582 --- [http-nio-9221-exec-9] o.s.web.servlet.DispatcherServlet        : Completed 200 OK
2020-07-07 19:52:09.764 DEBUG 33582 --- [http-nio-9221-exec-10] o.s.web.servlet.DispatcherServlet        : GET "/v1/ignore/ruleName", parameters={}
2020-07-07 19:52:09.765 DEBUG 33582 --- [http-nio-9221-exec-10] s.w.s.m.m.a.RequestMappingHandlerMapping : Mapped to com.hcl.appscan.customscannersservice.controller.CustomScannersController#getRuleNameIgnoreRules()
2020-07-07 19:52:09.766 DEBUG 33582 --- [http-nio-9221-exec-10] o.s.w.s.m.m.a.HttpEntityMethodProcessor  : Using 'application/json', given [application/json] and supported [application/json]
2020-07-07 19:52:09.766 DEBUG 33582 --- [http-nio-9221-exec-10] o.s.w.s.m.m.a.HttpEntityMethodProcessor  : Writing [[]]
2020-07-07 19:52:09.767 DEBUG 33582 --- [http-nio-9221-exec-1] o.s.web.servlet.DispatcherServlet        : POST "/v1/scanFile", parameters={masked}
2020-07-07 19:52:09.767 DEBUG 33582 --- [http-nio-9221-exec-10] o.s.web.servlet.DispatcherServlet        : Completed 200 OK
2020-07-07 19:52:09.768 DEBUG 33582 --- [http-nio-9221-exec-1] s.w.s.m.m.a.RequestMappingHandlerMapping : Mapped to com.hcl.appscan.customscannersservice.controller.CustomScannersController#runScanFile(MultipartFile, String, int[])
2020-07-07 19:52:09.771 DEBUG 33582 --- [http-nio-9221-exec-1] o.s.w.s.m.m.a.HttpEntityMethodProcessor  : Using 'application/json', given [application/json] and supported [application/json]
2020-07-07 19:52:09.772 DEBUG 33582 --- [http-nio-9221-exec-1] o.s.w.s.m.m.a.HttpEntityMethodProcessor  : Writing [CustomScannerServiceResult{findings=[], articles={}}]
2020-07-07 19:52:09.773 DEBUG 33582 --- [http-nio-9221-exec-1] o.s.web.servlet.DispatcherServlet        : Completed 200 OK
2020-07-07 19:55:40.277 DEBUG 33582 --- [http-nio-9221-exec-2] o.s.web.servlet.DispatcherServlet        : POST "/v1/scanFile", parameters={masked}
2020-07-07 19:55:40.278 DEBUG 33582 --- [http-nio-9221-exec-2] s.w.s.m.m.a.RequestMappingHandlerMapping : Mapped to com.hcl.appscan.customscannersservice.controller.CustomScannersController#runScanFile(MultipartFile, String, int[])
2020-07-07 19:55:40.286 DEBUG 33582 --- [http-nio-9221-exec-2] o.s.w.s.m.m.a.HttpEntityMethodProcessor  : Using 'application/json', given [application/json] and supported [application/json]
2020-07-07 19:55:40.286 DEBUG 33582 --- [http-nio-9221-exec-2] o.s.w.s.m.m.a.HttpEntityMethodProcessor  : Writing [CustomScannerServiceResult{findings=[CustomScannersServiceFinding{file='app.component.ts', lineNumbe (truncated)...]
2020-07-07 19:55:40.288 DEBUG 33582 --- [http-nio-9221-exec-2] o.s.web.servlet.DispatcherServlet        : Completed 200 OK
2020-07-07 19:55:41.565 DEBUG 33582 --- [http-nio-9221-exec-4] o.s.web.servlet.DispatcherServlet        : POST "/v1/scanFile", parameters={masked}
2020-07-07 19:55:41.566 DEBUG 33582 --- [http-nio-9221-exec-4] s.w.s.m.m.a.RequestMappingHandlerMapping : Mapped to com.hcl.appscan.customscannersservice.controller.CustomScannersController#runScanFile(MultipartFile, String, int[])
2020-07-07 19:55:41.574 DEBUG 33582 --- [http-nio-9221-exec-4] o.s.w.s.m.m.a.HttpEntityMethodProcessor  : Using 'application/json', given [application/json] and supported [application/json]
2020-07-07 19:55:41.575 DEBUG 33582 --- [http-nio-9221-exec-4] o.s.w.s.m.m.a.HttpEntityMethodProcessor  : Writing [CustomScannerServiceResult{findings=[CustomScannersServiceFinding{file='app.component.ts', lineNumbe (truncated)...]
2020-07-07 19:55:41.577 DEBUG 33582 --- [http-nio-9221-exec-4] o.s.web.servlet.DispatcherServlet        : Completed 200 OK
2020-07-07 19:55:43.393 DEBUG 33582 --- [http-nio-9221-exec-3] o.s.web.servlet.DispatcherServlet        : POST "/v1/scanFile", parameters={masked}
2020-07-07 19:55:43.394 DEBUG 33582 --- [http-nio-9221-exec-3] s.w.s.m.m.a.RequestMappingHandlerMapping : Mapped to com.hcl.appscan.customscannersservice.controller.CustomScannersController#runScanFile(MultipartFile, String, int[])
2020-07-07 19:55:43.403 DEBUG 33582 --- [http-nio-9221-exec-3] o.s.w.s.m.m.a.HttpEntityMethodProcessor  : Using 'application/json', given [application/json] and supported [application/json]
2020-07-07 19:55:43.403 DEBUG 33582 --- [http-nio-9221-exec-3] o.s.w.s.m.m.a.HttpEntityMethodProcessor  : Writing [CustomScannerServiceResult{findings=[CustomScannersServiceFinding{file='app.component.ts', lineNumbe (truncated)...]
2020-07-07 19:55:43.404 DEBUG 33582 --- [http-nio-9221-exec-3] o.s.web.servlet.DispatcherServlet        : Completed 200 OK
2020-07-07 19:57:38.608 DEBUG 33582 --- [http-nio-9221-exec-5] o.s.web.servlet.DispatcherServlet        : POST "/v1/scanFile", parameters={masked}
2020-07-07 19:57:38.609 DEBUG 33582 --- [http-nio-9221-exec-5] s.w.s.m.m.a.RequestMappingHandlerMapping : Mapped to com.hcl.appscan.customscannersservice.controller.CustomScannersController#runScanFile(MultipartFile, String, int[])
2020-07-07 19:57:38.616 DEBUG 33582 --- [http-nio-9221-exec-5] o.s.w.s.m.m.a.HttpEntityMethodProcessor  : Using 'application/json', given [application/json] and supported [application/json]
2020-07-07 19:57:38.617 DEBUG 33582 --- [http-nio-9221-exec-5] o.s.w.s.m.m.a.HttpEntityMethodProcessor  : Writing [CustomScannerServiceResult{findings=[CustomScannersServiceFinding{file='app.component.ts', lineNumbe (truncated)...]
2020-07-07 19:57:38.619 DEBUG 33582 --- [http-nio-9221-exec-5] o.s.web.servlet.DispatcherServlet        : Completed 200 OK
2020-07-07 19:58:28.664 DEBUG 33582 --- [http-nio-9221-exec-6] o.s.web.servlet.DispatcherServlet        : GET "/v1/ignore/ruleName", parameters={}
2020-07-07 19:58:28.665 DEBUG 33582 --- [http-nio-9221-exec-7] o.s.web.servlet.DispatcherServlet        : POST "/v1/scanFile", parameters={masked}
2020-07-07 19:58:28.667 DEBUG 33582 --- [http-nio-9221-exec-7] s.w.s.m.m.a.RequestMappingHandlerMapping : Mapped to com.hcl.appscan.customscannersservice.controller.CustomScannersController#runScanFile(MultipartFile, String, int[])
2020-07-07 19:58:28.670 DEBUG 33582 --- [http-nio-9221-exec-6] s.w.s.m.m.a.RequestMappingHandlerMapping : Mapped to com.hcl.appscan.customscannersservice.controller.CustomScannersController#getRuleNameIgnoreRules()
2020-07-07 19:58:28.671 DEBUG 33582 --- [http-nio-9221-exec-6] o.s.w.s.m.m.a.HttpEntityMethodProcessor  : Using 'application/json', given [application/json] and supported [application/json]
2020-07-07 19:58:28.672 DEBUG 33582 --- [http-nio-9221-exec-6] o.s.w.s.m.m.a.HttpEntityMethodProcessor  : Writing [[]]
2020-07-07 19:58:28.673 DEBUG 33582 --- [http-nio-9221-exec-7] o.s.w.s.m.m.a.HttpEntityMethodProcessor  : Using 'application/json', given [application/json] and supported [application/json]
2020-07-07 19:58:28.674 DEBUG 33582 --- [http-nio-9221-exec-6] o.s.web.servlet.DispatcherServlet        : Completed 200 OK
2020-07-07 19:58:28.674 DEBUG 33582 --- [http-nio-9221-exec-7] o.s.w.s.m.m.a.HttpEntityMethodProcessor  : Writing [CustomScannerServiceResult{findings=[], articles={}}]
2020-07-07 19:58:28.675 DEBUG 33582 --- [http-nio-9221-exec-7] o.s.web.servlet.DispatcherServlet        : Completed 200 OK
2020-07-07 19:58:50.655 DEBUG 33582 --- [http-nio-9221-exec-8] o.s.web.servlet.DispatcherServlet        : GET "/v1/ignore/ruleName", parameters={}
2020-07-07 19:58:50.657 DEBUG 33582 --- [http-nio-9221-exec-8] s.w.s.m.m.a.RequestMappingHandlerMapping : Mapped to com.hcl.appscan.customscannersservice.controller.CustomScannersController#getRuleNameIgnoreRules()
2020-07-07 19:58:50.658 DEBUG 33582 --- [http-nio-9221-exec-8] o.s.w.s.m.m.a.HttpEntityMethodProcessor  : Using 'application/json', given [application/json] and supported [application/json]
2020-07-07 19:58:50.659 DEBUG 33582 --- [http-nio-9221-exec-9] o.s.web.servlet.DispatcherServlet        : POST "/v1/scanFile", parameters={masked}
2020-07-07 19:58:50.659 DEBUG 33582 --- [http-nio-9221-exec-8] o.s.w.s.m.m.a.HttpEntityMethodProcessor  : Writing [[]]
2020-07-07 19:58:50.660 DEBUG 33582 --- [http-nio-9221-exec-8] o.s.web.servlet.DispatcherServlet        : Completed 200 OK
2020-07-07 19:58:50.660 DEBUG 33582 --- [http-nio-9221-exec-9] s.w.s.m.m.a.RequestMappingHandlerMapping : Mapped to com.hcl.appscan.customscannersservice.controller.CustomScannersController#runScanFile(MultipartFile, String, int[])
2020-07-07 19:58:50.667 DEBUG 33582 --- [http-nio-9221-exec-9] o.s.w.s.m.m.a.HttpEntityMethodProcessor  : Using 'application/json', given [application/json] and supported [application/json]
2020-07-07 19:58:50.667 DEBUG 33582 --- [http-nio-9221-exec-9] o.s.w.s.m.m.a.HttpEntityMethodProcessor  : Writing [CustomScannerServiceResult{findings=[], articles={}}]
2020-07-07 19:58:50.668 DEBUG 33582 --- [http-nio-9221-exec-9] o.s.web.servlet.DispatcherServlet        : Completed 200 OK
2020-07-07 20:05:33.011 DEBUG 33582 --- [http-nio-9221-exec-10] o.s.web.servlet.DispatcherServlet        : GET "/v1/ignore/ruleName", parameters={}
2020-07-07 20:05:33.013 DEBUG 33582 --- [http-nio-9221-exec-10] s.w.s.m.m.a.RequestMappingHandlerMapping : Mapped to com.hcl.appscan.customscannersservice.controller.CustomScannersController#getRuleNameIgnoreRules()
2020-07-07 20:05:33.015 DEBUG 33582 --- [http-nio-9221-exec-10] o.s.w.s.m.m.a.HttpEntityMethodProcessor  : Using 'application/json', given [application/json] and supported [application/json]
2020-07-07 20:05:33.015 DEBUG 33582 --- [http-nio-9221-exec-10] o.s.w.s.m.m.a.HttpEntityMethodProcessor  : Writing [[]]
2020-07-07 20:05:33.015 DEBUG 33582 --- [http-nio-9221-exec-1] o.s.web.servlet.DispatcherServlet        : POST "/v1/scanFile", parameters={masked}
2020-07-07 20:05:33.017 DEBUG 33582 --- [http-nio-9221-exec-1] s.w.s.m.m.a.RequestMappingHandlerMapping : Mapped to com.hcl.appscan.customscannersservice.controller.CustomScannersController#runScanFile(MultipartFile, String, int[])
2020-07-07 20:05:33.018 DEBUG 33582 --- [http-nio-9221-exec-10] o.s.web.servlet.DispatcherServlet        : Completed 200 OK
2020-07-07 20:05:33.022 DEBUG 33582 --- [http-nio-9221-exec-1] o.s.w.s.m.m.a.HttpEntityMethodProcessor  : Using 'application/json', given [application/json] and supported [application/json]
2020-07-07 20:05:33.022 DEBUG 33582 --- [http-nio-9221-exec-1] o.s.w.s.m.m.a.HttpEntityMethodProcessor  : Writing [CustomScannerServiceResult{findings=[], articles={}}]
2020-07-07 20:05:33.023 DEBUG 33582 --- [http-nio-9221-exec-1] o.s.web.servlet.DispatcherServlet        : Completed 200 OK
2020-07-07 20:06:23.723 DEBUG 33582 --- [http-nio-9221-exec-2] o.s.web.servlet.DispatcherServlet        : GET "/v1/ignore/ruleName", parameters={}
2020-07-07 20:06:23.725 DEBUG 33582 --- [http-nio-9221-exec-2] s.w.s.m.m.a.RequestMappingHandlerMapping : Mapped to com.hcl.appscan.customscannersservice.controller.CustomScannersController#getRuleNameIgnoreRules()
2020-07-07 20:06:23.726 DEBUG 33582 --- [http-nio-9221-exec-2] o.s.w.s.m.m.a.HttpEntityMethodProcessor  : Using 'application/json', given [application/json] and supported [application/json]
2020-07-07 20:06:23.726 DEBUG 33582 --- [http-nio-9221-exec-2] o.s.w.s.m.m.a.HttpEntityMethodProcessor  : Writing [[]]
2020-07-07 20:06:23.728 DEBUG 33582 --- [http-nio-9221-exec-4] o.s.web.servlet.DispatcherServlet        : POST "/v1/scanFile", parameters={masked}
2020-07-07 20:06:23.728 DEBUG 33582 --- [http-nio-9221-exec-2] o.s.web.servlet.DispatcherServlet        : Completed 200 OK
2020-07-07 20:06:23.730 DEBUG 33582 --- [http-nio-9221-exec-4] s.w.s.m.m.a.RequestMappingHandlerMapping : Mapped to com.hcl.appscan.customscannersservice.controller.CustomScannersController#runScanFile(MultipartFile, String, int[])
2020-07-07 20:06:23.736 DEBUG 33582 --- [http-nio-9221-exec-4] o.s.w.s.m.m.a.HttpEntityMethodProcessor  : Using 'application/json', given [application/json] and supported [application/json]
2020-07-07 20:06:23.736 DEBUG 33582 --- [http-nio-9221-exec-4] o.s.w.s.m.m.a.HttpEntityMethodProcessor  : Writing [CustomScannerServiceResult{findings=[], articles={}}]
2020-07-07 20:06:23.738 DEBUG 33582 --- [http-nio-9221-exec-4] o.s.web.servlet.DispatcherServlet        : Completed 200 OK
2020-07-07 20:08:27.157 DEBUG 33582 --- [http-nio-9221-exec-3] o.s.web.servlet.DispatcherServlet        : GET "/v1/ignore/ruleName", parameters={}
2020-07-07 20:08:27.160 DEBUG 33582 --- [http-nio-9221-exec-3] s.w.s.m.m.a.RequestMappingHandlerMapping : Mapped to com.hcl.appscan.customscannersservice.controller.CustomScannersController#getRuleNameIgnoreRules()
2020-07-07 20:08:27.161 DEBUG 33582 --- [http-nio-9221-exec-3] o.s.w.s.m.m.a.HttpEntityMethodProcessor  : Using 'application/json', given [application/json] and supported [application/json]
2020-07-07 20:08:27.162 DEBUG 33582 --- [http-nio-9221-exec-3] o.s.w.s.m.m.a.HttpEntityMethodProcessor  : Writing [[]]
2020-07-07 20:08:27.162 DEBUG 33582 --- [http-nio-9221-exec-5] o.s.web.servlet.DispatcherServlet        : POST "/v1/scanFile", parameters={masked}
2020-07-07 20:08:27.162 DEBUG 33582 --- [http-nio-9221-exec-3] o.s.web.servlet.DispatcherServlet        : Completed 200 OK
2020-07-07 20:08:27.163 DEBUG 33582 --- [http-nio-9221-exec-5] s.w.s.m.m.a.RequestMappingHandlerMapping : Mapped to com.hcl.appscan.customscannersservice.controller.CustomScannersController#runScanFile(MultipartFile, String, int[])
2020-07-07 20:08:27.165 DEBUG 33582 --- [http-nio-9221-exec-5] o.s.w.s.m.m.a.HttpEntityMethodProcessor  : Using 'application/json', given [application/json] and supported [application/json]
2020-07-07 20:08:27.165 DEBUG 33582 --- [http-nio-9221-exec-5] o.s.w.s.m.m.a.HttpEntityMethodProcessor  : Writing [CustomScannerServiceResult{findings=[], articles={}}]
2020-07-07 20:08:27.166 DEBUG 33582 --- [http-nio-9221-exec-5] o.s.web.servlet.DispatcherServlet        : Completed 200 OK
2020-07-07 20:09:08.818 DEBUG 33582 --- [http-nio-9221-exec-6] o.s.web.servlet.DispatcherServlet        : GET "/v1/ignore/ruleName", parameters={}
2020-07-07 20:09:08.820 DEBUG 33582 --- [http-nio-9221-exec-6] s.w.s.m.m.a.RequestMappingHandlerMapping : Mapped to com.hcl.appscan.customscannersservice.controller.CustomScannersController#getRuleNameIgnoreRules()
2020-07-07 20:09:08.820 DEBUG 33582 --- [http-nio-9221-exec-7] o.s.web.servlet.DispatcherServlet        : POST "/v1/scanFile", parameters={masked}
2020-07-07 20:09:08.820 DEBUG 33582 --- [http-nio-9221-exec-6] o.s.w.s.m.m.a.HttpEntityMethodProcessor  : Using 'application/json', given [application/json] and supported [application/json]
2020-07-07 20:09:08.821 DEBUG 33582 --- [http-nio-9221-exec-6] o.s.w.s.m.m.a.HttpEntityMethodProcessor  : Writing [[]]
2020-07-07 20:09:08.821 DEBUG 33582 --- [http-nio-9221-exec-7] s.w.s.m.m.a.RequestMappingHandlerMapping : Mapped to com.hcl.appscan.customscannersservice.controller.CustomScannersController#runScanFile(MultipartFile, String, int[])
2020-07-07 20:09:08.821 DEBUG 33582 --- [http-nio-9221-exec-6] o.s.web.servlet.DispatcherServlet        : Completed 200 OK
2020-07-07 20:09:08.824 DEBUG 33582 --- [http-nio-9221-exec-7] o.s.w.s.m.m.a.HttpEntityMethodProcessor  : Using 'application/json', given [application/json] and supported [application/json]
2020-07-07 20:09:08.825 DEBUG 33582 --- [http-nio-9221-exec-7] o.s.w.s.m.m.a.HttpEntityMethodProcessor  : Writing [CustomScannerServiceResult{findings=[], articles={}}]
2020-07-07 20:09:08.826 DEBUG 33582 --- [http-nio-9221-exec-7] o.s.web.servlet.DispatcherServlet        : Completed 200 OK
2020-07-07 20:09:36.488 DEBUG 33582 --- [http-nio-9221-exec-8] o.s.web.servlet.DispatcherServlet        : GET "/v1/ignore/ruleName", parameters={}
2020-07-07 20:09:36.490 DEBUG 33582 --- [http-nio-9221-exec-8] s.w.s.m.m.a.RequestMappingHandlerMapping : Mapped to com.hcl.appscan.customscannersservice.controller.CustomScannersController#getRuleNameIgnoreRules()
2020-07-07 20:09:36.490 DEBUG 33582 --- [http-nio-9221-exec-8] o.s.w.s.m.m.a.HttpEntityMethodProcessor  : Using 'application/json', given [application/json] and supported [application/json]
2020-07-07 20:09:36.490 DEBUG 33582 --- [http-nio-9221-exec-8] o.s.w.s.m.m.a.HttpEntityMethodProcessor  : Writing [[]]
2020-07-07 20:09:36.491 DEBUG 33582 --- [http-nio-9221-exec-8] o.s.web.servlet.DispatcherServlet        : Completed 200 OK
2020-07-07 20:09:36.491 DEBUG 33582 --- [http-nio-9221-exec-9] o.s.web.servlet.DispatcherServlet        : POST "/v1/scanFile", parameters={masked}
2020-07-07 20:09:36.492 DEBUG 33582 --- [http-nio-9221-exec-9] s.w.s.m.m.a.RequestMappingHandlerMapping : Mapped to com.hcl.appscan.customscannersservice.controller.CustomScannersController#runScanFile(MultipartFile, String, int[])
2020-07-07 20:09:36.495 DEBUG 33582 --- [http-nio-9221-exec-9] o.s.w.s.m.m.a.HttpEntityMethodProcessor  : Using 'application/json', given [application/json] and supported [application/json]
2020-07-07 20:09:36.495 DEBUG 33582 --- [http-nio-9221-exec-9] o.s.w.s.m.m.a.HttpEntityMethodProcessor  : Writing [CustomScannerServiceResult{findings=[], articles={}}]
2020-07-07 20:09:36.496 DEBUG 33582 --- [http-nio-9221-exec-9] o.s.web.servlet.DispatcherServlet        : Completed 200 OK
2020-07-07 20:13:01.630 DEBUG 33582 --- [http-nio-9221-exec-10] o.s.web.servlet.DispatcherServlet        : GET "/v1/ignore/ruleName", parameters={}
2020-07-07 20:13:01.631 DEBUG 33582 --- [http-nio-9221-exec-10] s.w.s.m.m.a.RequestMappingHandlerMapping : Mapped to com.hcl.appscan.customscannersservice.controller.CustomScannersController#getRuleNameIgnoreRules()
2020-07-07 20:13:01.631 DEBUG 33582 --- [http-nio-9221-exec-1] o.s.web.servlet.DispatcherServlet        : POST "/v1/scanFile", parameters={masked}
2020-07-07 20:13:01.632 DEBUG 33582 --- [http-nio-9221-exec-1] s.w.s.m.m.a.RequestMappingHandlerMapping : Mapped to com.hcl.appscan.customscannersservice.controller.CustomScannersController#runScanFile(MultipartFile, String, int[])
2020-07-07 20:13:01.632 DEBUG 33582 --- [http-nio-9221-exec-10] o.s.w.s.m.m.a.HttpEntityMethodProcessor  : Using 'application/json', given [application/json] and supported [application/json]
2020-07-07 20:13:01.632 DEBUG 33582 --- [http-nio-9221-exec-10] o.s.w.s.m.m.a.HttpEntityMethodProcessor  : Writing [[]]
2020-07-07 20:13:01.633 DEBUG 33582 --- [http-nio-9221-exec-10] o.s.web.servlet.DispatcherServlet        : Completed 200 OK
2020-07-07 20:13:01.636 DEBUG 33582 --- [http-nio-9221-exec-1] o.s.w.s.m.m.a.HttpEntityMethodProcessor  : Using 'application/json', given [application/json] and supported [application/json]
2020-07-07 20:13:01.636 DEBUG 33582 --- [http-nio-9221-exec-1] o.s.w.s.m.m.a.HttpEntityMethodProcessor  : Writing [CustomScannerServiceResult{findings=[], articles={}}]
2020-07-07 20:13:01.637 DEBUG 33582 --- [http-nio-9221-exec-1] o.s.web.servlet.DispatcherServlet        : Completed 200 OK
2020-07-07 20:13:47.073 DEBUG 33582 --- [http-nio-9221-exec-2] o.s.web.servlet.DispatcherServlet        : GET "/v1/ignore/ruleName", parameters={}
2020-07-07 20:13:47.075 DEBUG 33582 --- [http-nio-9221-exec-2] s.w.s.m.m.a.RequestMappingHandlerMapping : Mapped to com.hcl.appscan.customscannersservice.controller.CustomScannersController#getRuleNameIgnoreRules()
2020-07-07 20:13:47.075 DEBUG 33582 --- [http-nio-9221-exec-2] o.s.w.s.m.m.a.HttpEntityMethodProcessor  : Using 'application/json', given [application/json] and supported [application/json]
2020-07-07 20:13:47.076 DEBUG 33582 --- [http-nio-9221-exec-2] o.s.w.s.m.m.a.HttpEntityMethodProcessor  : Writing [[]]
2020-07-07 20:13:47.077 DEBUG 33582 --- [http-nio-9221-exec-2] o.s.web.servlet.DispatcherServlet        : Completed 200 OK
2020-07-07 20:13:47.077 DEBUG 33582 --- [http-nio-9221-exec-4] o.s.web.servlet.DispatcherServlet        : POST "/v1/scanFile", parameters={masked}
2020-07-07 20:13:47.078 DEBUG 33582 --- [http-nio-9221-exec-4] s.w.s.m.m.a.RequestMappingHandlerMapping : Mapped to com.hcl.appscan.customscannersservice.controller.CustomScannersController#runScanFile(MultipartFile, String, int[])
2020-07-07 20:13:47.081 DEBUG 33582 --- [http-nio-9221-exec-4] o.s.w.s.m.m.a.HttpEntityMethodProcessor  : Using 'application/json', given [application/json] and supported [application/json]
2020-07-07 20:13:47.082 DEBUG 33582 --- [http-nio-9221-exec-4] o.s.w.s.m.m.a.HttpEntityMethodProcessor  : Writing [CustomScannerServiceResult{findings=[], articles={}}]
2020-07-07 20:13:47.083 DEBUG 33582 --- [http-nio-9221-exec-4] o.s.web.servlet.DispatcherServlet        : Completed 200 OK
2020-07-07 20:14:50.452 DEBUG 33582 --- [http-nio-9221-exec-3] o.s.web.servlet.DispatcherServlet        : GET "/v1/ignore/ruleName", parameters={}
2020-07-07 20:14:50.453 DEBUG 33582 --- [http-nio-9221-exec-3] s.w.s.m.m.a.RequestMappingHandlerMapping : Mapped to com.hcl.appscan.customscannersservice.controller.CustomScannersController#getRuleNameIgnoreRules()
2020-07-07 20:14:50.454 DEBUG 33582 --- [http-nio-9221-exec-3] o.s.w.s.m.m.a.HttpEntityMethodProcessor  : Using 'application/json', given [application/json] and supported [application/json]
2020-07-07 20:14:50.454 DEBUG 33582 --- [http-nio-9221-exec-5] o.s.web.servlet.DispatcherServlet        : POST "/v1/scanFile", parameters={masked}
2020-07-07 20:14:50.455 DEBUG 33582 --- [http-nio-9221-exec-3] o.s.w.s.m.m.a.HttpEntityMethodProcessor  : Writing [[]]
2020-07-07 20:14:50.455 DEBUG 33582 --- [http-nio-9221-exec-5] s.w.s.m.m.a.RequestMappingHandlerMapping : Mapped to com.hcl.appscan.customscannersservice.controller.CustomScannersController#runScanFile(MultipartFile, String, int[])
2020-07-07 20:14:50.456 DEBUG 33582 --- [http-nio-9221-exec-3] o.s.web.servlet.DispatcherServlet        : Completed 200 OK
2020-07-07 20:14:50.458 DEBUG 33582 --- [http-nio-9221-exec-5] o.s.w.s.m.m.a.HttpEntityMethodProcessor  : Using 'application/json', given [application/json] and supported [application/json]
2020-07-07 20:14:50.458 DEBUG 33582 --- [http-nio-9221-exec-5] o.s.w.s.m.m.a.HttpEntityMethodProcessor  : Writing [CustomScannerServiceResult{findings=[], articles={}}]
2020-07-07 20:14:50.459 DEBUG 33582 --- [http-nio-9221-exec-5] o.s.web.servlet.DispatcherServlet        : Completed 200 OK
2020-07-07 20:15:21.104 DEBUG 33582 --- [http-nio-9221-exec-6] o.s.web.servlet.DispatcherServlet        : GET "/v1/ignore/ruleName", parameters={}
2020-07-07 20:15:21.105 DEBUG 33582 --- [http-nio-9221-exec-6] s.w.s.m.m.a.RequestMappingHandlerMapping : Mapped to com.hcl.appscan.customscannersservice.controller.CustomScannersController#getRuleNameIgnoreRules()
2020-07-07 20:15:21.105 DEBUG 33582 --- [http-nio-9221-exec-6] o.s.w.s.m.m.a.HttpEntityMethodProcessor  : Using 'application/json', given [application/json] and supported [application/json]
2020-07-07 20:15:21.106 DEBUG 33582 --- [http-nio-9221-exec-6] o.s.w.s.m.m.a.HttpEntityMethodProcessor  : Writing [[]]
2020-07-07 20:15:21.107 DEBUG 33582 --- [http-nio-9221-exec-6] o.s.web.servlet.DispatcherServlet        : Completed 200 OK
2020-07-07 20:15:21.110 DEBUG 33582 --- [http-nio-9221-exec-7] o.s.web.servlet.DispatcherServlet        : POST "/v1/scanFile", parameters={masked}
2020-07-07 20:15:21.110 DEBUG 33582 --- [http-nio-9221-exec-7] s.w.s.m.m.a.RequestMappingHandlerMapping : Mapped to com.hcl.appscan.customscannersservice.controller.CustomScannersController#runScanFile(MultipartFile, String, int[])
2020-07-07 20:15:21.115 DEBUG 33582 --- [http-nio-9221-exec-7] o.s.w.s.m.m.a.HttpEntityMethodProcessor  : Using 'application/json', given [application/json] and supported [application/json]
2020-07-07 20:15:21.115 DEBUG 33582 --- [http-nio-9221-exec-7] o.s.w.s.m.m.a.HttpEntityMethodProcessor  : Writing [CustomScannerServiceResult{findings=[], articles={}}]
2020-07-07 20:15:21.116 DEBUG 33582 --- [http-nio-9221-exec-7] o.s.web.servlet.DispatcherServlet        : Completed 200 OK
2020-07-07 20:19:20.458 DEBUG 33582 --- [http-nio-9221-exec-8] o.s.web.servlet.DispatcherServlet        : GET "/v1/ignore/ruleName", parameters={}
2020-07-07 20:19:20.459 DEBUG 33582 --- [http-nio-9221-exec-8] s.w.s.m.m.a.RequestMappingHandlerMapping : Mapped to com.hcl.appscan.customscannersservice.controller.CustomScannersController#getRuleNameIgnoreRules()
2020-07-07 20:19:20.460 DEBUG 33582 --- [http-nio-9221-exec-8] o.s.w.s.m.m.a.HttpEntityMethodProcessor  : Using 'application/json', given [application/json] and supported [application/json]
2020-07-07 20:19:20.460 DEBUG 33582 --- [http-nio-9221-exec-8] o.s.w.s.m.m.a.HttpEntityMethodProcessor  : Writing [[]]
2020-07-07 20:19:20.460 DEBUG 33582 --- [http-nio-9221-exec-9] o.s.web.servlet.DispatcherServlet        : POST "/v1/scanFile", parameters={masked}
2020-07-07 20:19:20.461 DEBUG 33582 --- [http-nio-9221-exec-8] o.s.web.servlet.DispatcherServlet        : Completed 200 OK
2020-07-07 20:19:20.461 DEBUG 33582 --- [http-nio-9221-exec-9] s.w.s.m.m.a.RequestMappingHandlerMapping : Mapped to com.hcl.appscan.customscannersservice.controller.CustomScannersController#runScanFile(MultipartFile, String, int[])
2020-07-07 20:19:20.464 DEBUG 33582 --- [http-nio-9221-exec-9] o.s.w.s.m.m.a.HttpEntityMethodProcessor  : Using 'application/json', given [application/json] and supported [application/json]
2020-07-07 20:19:20.464 DEBUG 33582 --- [http-nio-9221-exec-9] o.s.w.s.m.m.a.HttpEntityMethodProcessor  : Writing [CustomScannerServiceResult{findings=[], articles={}}]
2020-07-07 20:19:20.465 DEBUG 33582 --- [http-nio-9221-exec-9] o.s.web.servlet.DispatcherServlet        : Completed 200 OK
2020-07-07 20:20:08.393 DEBUG 33582 --- [http-nio-9221-exec-10] o.s.web.servlet.DispatcherServlet        : GET "/v1/ignore/ruleName", parameters={}
2020-07-07 20:20:08.395 DEBUG 33582 --- [http-nio-9221-exec-10] s.w.s.m.m.a.RequestMappingHandlerMapping : Mapped to com.hcl.appscan.customscannersservice.controller.CustomScannersController#getRuleNameIgnoreRules()
2020-07-07 20:20:08.396 DEBUG 33582 --- [http-nio-9221-exec-10] o.s.w.s.m.m.a.HttpEntityMethodProcessor  : Using 'application/json', given [application/json] and supported [application/json]
2020-07-07 20:20:08.396 DEBUG 33582 --- [http-nio-9221-exec-10] o.s.w.s.m.m.a.HttpEntityMethodProcessor  : Writing [[]]
2020-07-07 20:20:08.397 DEBUG 33582 --- [http-nio-9221-exec-10] o.s.web.servlet.DispatcherServlet        : Completed 200 OK
2020-07-07 20:20:08.397 DEBUG 33582 --- [http-nio-9221-exec-1] o.s.web.servlet.DispatcherServlet        : POST "/v1/scanFile", parameters={masked}
2020-07-07 20:20:08.398 DEBUG 33582 --- [http-nio-9221-exec-1] s.w.s.m.m.a.RequestMappingHandlerMapping : Mapped to com.hcl.appscan.customscannersservice.controller.CustomScannersController#runScanFile(MultipartFile, String, int[])
2020-07-07 20:20:08.400 DEBUG 33582 --- [http-nio-9221-exec-1] o.s.w.s.m.m.a.HttpEntityMethodProcessor  : Using 'application/json', given [application/json] and supported [application/json]
2020-07-07 20:20:08.400 DEBUG 33582 --- [http-nio-9221-exec-1] o.s.w.s.m.m.a.HttpEntityMethodProcessor  : Writing [CustomScannerServiceResult{findings=[], articles={}}]
2020-07-07 20:20:08.401 DEBUG 33582 --- [http-nio-9221-exec-1] o.s.web.servlet.DispatcherServlet        : Completed 200 OK
2020-07-07 20:20:32.253 DEBUG 33582 --- [http-nio-9221-exec-2] o.s.web.servlet.DispatcherServlet        : GET "/v1/ignore/ruleName", parameters={}
2020-07-07 20:20:32.255 DEBUG 33582 --- [http-nio-9221-exec-2] s.w.s.m.m.a.RequestMappingHandlerMapping : Mapped to com.hcl.appscan.customscannersservice.controller.CustomScannersController#getRuleNameIgnoreRules()
2020-07-07 20:20:32.255 DEBUG 33582 --- [http-nio-9221-exec-2] o.s.w.s.m.m.a.HttpEntityMethodProcessor  : Using 'application/json', given [application/json] and supported [application/json]
2020-07-07 20:20:32.256 DEBUG 33582 --- [http-nio-9221-exec-2] o.s.w.s.m.m.a.HttpEntityMethodProcessor  : Writing [[]]
2020-07-07 20:20:32.257 DEBUG 33582 --- [http-nio-9221-exec-2] o.s.web.servlet.DispatcherServlet        : Completed 200 OK
2020-07-07 20:20:32.258 DEBUG 33582 --- [http-nio-9221-exec-4] o.s.web.servlet.DispatcherServlet        : POST "/v1/scanFile", parameters={masked}
2020-07-07 20:20:32.259 DEBUG 33582 --- [http-nio-9221-exec-4] s.w.s.m.m.a.RequestMappingHandlerMapping : Mapped to com.hcl.appscan.customscannersservice.controller.CustomScannersController#runScanFile(MultipartFile, String, int[])
2020-07-07 20:20:32.262 DEBUG 33582 --- [http-nio-9221-exec-4] o.s.w.s.m.m.a.HttpEntityMethodProcessor  : Using 'application/json', given [application/json] and supported [application/json]
2020-07-07 20:20:32.263 DEBUG 33582 --- [http-nio-9221-exec-4] o.s.w.s.m.m.a.HttpEntityMethodProcessor  : Writing [CustomScannerServiceResult{findings=[], articles={}}]
2020-07-07 20:20:32.264 DEBUG 33582 --- [http-nio-9221-exec-4] o.s.web.servlet.DispatcherServlet        : Completed 200 OK
2020-07-07 20:21:51.556 DEBUG 33582 --- [http-nio-9221-exec-3] o.s.web.servlet.DispatcherServlet        : GET "/v1/ignore/ruleName", parameters={}
2020-07-07 20:21:51.557 DEBUG 33582 --- [http-nio-9221-exec-3] s.w.s.m.m.a.RequestMappingHandlerMapping : Mapped to com.hcl.appscan.customscannersservice.controller.CustomScannersController#getRuleNameIgnoreRules()
2020-07-07 20:21:51.557 DEBUG 33582 --- [http-nio-9221-exec-5] o.s.web.servlet.DispatcherServlet        : POST "/v1/scanFile", parameters={masked}
2020-07-07 20:21:51.557 DEBUG 33582 --- [http-nio-9221-exec-3] o.s.w.s.m.m.a.HttpEntityMethodProcessor  : Using 'application/json', given [application/json] and supported [application/json]
2020-07-07 20:21:51.557 DEBUG 33582 --- [http-nio-9221-exec-3] o.s.w.s.m.m.a.HttpEntityMethodProcessor  : Writing [[]]
2020-07-07 20:21:51.558 DEBUG 33582 --- [http-nio-9221-exec-5] s.w.s.m.m.a.RequestMappingHandlerMapping : Mapped to com.hcl.appscan.customscannersservice.controller.CustomScannersController#runScanFile(MultipartFile, String, int[])
2020-07-07 20:21:51.558 DEBUG 33582 --- [http-nio-9221-exec-3] o.s.web.servlet.DispatcherServlet        : Completed 200 OK
2020-07-07 20:21:51.561 DEBUG 33582 --- [http-nio-9221-exec-5] o.s.w.s.m.m.a.HttpEntityMethodProcessor  : Using 'application/json', given [application/json] and supported [application/json]
2020-07-07 20:21:51.561 DEBUG 33582 --- [http-nio-9221-exec-5] o.s.w.s.m.m.a.HttpEntityMethodProcessor  : Writing [CustomScannerServiceResult{findings=[], articles={}}]
2020-07-07 20:21:51.562 DEBUG 33582 --- [http-nio-9221-exec-5] o.s.web.servlet.DispatcherServlet        : Completed 200 OK
2020-07-07 20:22:12.235 DEBUG 33582 --- [http-nio-9221-exec-6] o.s.web.servlet.DispatcherServlet        : GET "/v1/ignore/ruleName", parameters={}
2020-07-07 20:22:12.236 DEBUG 33582 --- [http-nio-9221-exec-6] s.w.s.m.m.a.RequestMappingHandlerMapping : Mapped to com.hcl.appscan.customscannersservice.controller.CustomScannersController#getRuleNameIgnoreRules()
2020-07-07 20:22:12.237 DEBUG 33582 --- [http-nio-9221-exec-6] o.s.w.s.m.m.a.HttpEntityMethodProcessor  : Using 'application/json', given [application/json] and supported [application/json]
2020-07-07 20:22:12.237 DEBUG 33582 --- [http-nio-9221-exec-6] o.s.w.s.m.m.a.HttpEntityMethodProcessor  : Writing [[]]
2020-07-07 20:22:12.239 DEBUG 33582 --- [http-nio-9221-exec-6] o.s.web.servlet.DispatcherServlet        : Completed 200 OK
2020-07-07 20:22:12.239 DEBUG 33582 --- [http-nio-9221-exec-7] o.s.web.servlet.DispatcherServlet        : POST "/v1/scanFile", parameters={masked}
2020-07-07 20:22:12.239 DEBUG 33582 --- [http-nio-9221-exec-7] s.w.s.m.m.a.RequestMappingHandlerMapping : Mapped to com.hcl.appscan.customscannersservice.controller.CustomScannersController#runScanFile(MultipartFile, String, int[])
2020-07-07 20:22:12.242 DEBUG 33582 --- [http-nio-9221-exec-7] o.s.w.s.m.m.a.HttpEntityMethodProcessor  : Using 'application/json', given [application/json] and supported [application/json]
2020-07-07 20:22:12.242 DEBUG 33582 --- [http-nio-9221-exec-7] o.s.w.s.m.m.a.HttpEntityMethodProcessor  : Writing [CustomScannerServiceResult{findings=[], articles={}}]
2020-07-07 20:22:12.243 DEBUG 33582 --- [http-nio-9221-exec-7] o.s.web.servlet.DispatcherServlet        : Completed 200 OK
2020-07-07 20:22:19.955 DEBUG 33582 --- [http-nio-9221-exec-8] o.s.web.servlet.DispatcherServlet        : GET "/v1/ignore/ruleName", parameters={}
2020-07-07 20:22:19.958 DEBUG 33582 --- [http-nio-9221-exec-8] s.w.s.m.m.a.RequestMappingHandlerMapping : Mapped to com.hcl.appscan.customscannersservice.controller.CustomScannersController#getRuleNameIgnoreRules()
2020-07-07 20:22:19.959 DEBUG 33582 --- [http-nio-9221-exec-8] o.s.w.s.m.m.a.HttpEntityMethodProcessor  : Using 'application/json', given [application/json] and supported [application/json]
2020-07-07 20:22:19.959 DEBUG 33582 --- [http-nio-9221-exec-8] o.s.w.s.m.m.a.HttpEntityMethodProcessor  : Writing [[]]
2020-07-07 20:22:19.960 DEBUG 33582 --- [http-nio-9221-exec-8] o.s.web.servlet.DispatcherServlet        : Completed 200 OK
2020-07-07 20:22:19.961 DEBUG 33582 --- [http-nio-9221-exec-9] o.s.web.servlet.DispatcherServlet        : POST "/v1/scanFile", parameters={masked}
2020-07-07 20:22:19.962 DEBUG 33582 --- [http-nio-9221-exec-9] s.w.s.m.m.a.RequestMappingHandlerMapping : Mapped to com.hcl.appscan.customscannersservice.controller.CustomScannersController#runScanFile(MultipartFile, String, int[])
2020-07-07 20:22:19.965 DEBUG 33582 --- [http-nio-9221-exec-9] o.s.w.s.m.m.a.HttpEntityMethodProcessor  : Using 'application/json', given [application/json] and supported [application/json]
2020-07-07 20:22:19.965 DEBUG 33582 --- [http-nio-9221-exec-9] o.s.w.s.m.m.a.HttpEntityMethodProcessor  : Writing [CustomScannerServiceResult{findings=[], articles={}}]
2020-07-07 20:22:19.966 DEBUG 33582 --- [http-nio-9221-exec-9] o.s.web.servlet.DispatcherServlet        : Completed 200 OK
2020-07-07 20:32:23.173 DEBUG 33582 --- [http-nio-9221-exec-10] o.s.web.servlet.DispatcherServlet        : GET "/v1/ignore/ruleName", parameters={}
2020-07-07 20:32:23.175 DEBUG 33582 --- [http-nio-9221-exec-10] s.w.s.m.m.a.RequestMappingHandlerMapping : Mapped to com.hcl.appscan.customscannersservice.controller.CustomScannersController#getRuleNameIgnoreRules()
2020-07-07 20:32:23.176 DEBUG 33582 --- [http-nio-9221-exec-10] o.s.w.s.m.m.a.HttpEntityMethodProcessor  : Using 'application/json', given [application/json] and supported [application/json]
2020-07-07 20:32:23.176 DEBUG 33582 --- [http-nio-9221-exec-10] o.s.w.s.m.m.a.HttpEntityMethodProcessor  : Writing [[]]
2020-07-07 20:32:23.177 DEBUG 33582 --- [http-nio-9221-exec-10] o.s.web.servlet.DispatcherServlet        : Completed 200 OK
2020-07-07 20:32:23.178 DEBUG 33582 --- [http-nio-9221-exec-1] o.s.web.servlet.DispatcherServlet        : POST "/v1/scanFile", parameters={masked}
2020-07-07 20:32:23.179 DEBUG 33582 --- [http-nio-9221-exec-1] s.w.s.m.m.a.RequestMappingHandlerMapping : Mapped to com.hcl.appscan.customscannersservice.controller.CustomScannersController#runScanFile(MultipartFile, String, int[])
2020-07-07 20:32:23.182 DEBUG 33582 --- [http-nio-9221-exec-1] o.s.w.s.m.m.a.HttpEntityMethodProcessor  : Using 'application/json', given [application/json] and supported [application/json]
2020-07-07 20:32:23.182 DEBUG 33582 --- [http-nio-9221-exec-1] o.s.w.s.m.m.a.HttpEntityMethodProcessor  : Writing [CustomScannerServiceResult{findings=[], articles={}}]
2020-07-07 20:32:23.183 DEBUG 33582 --- [http-nio-9221-exec-1] o.s.web.servlet.DispatcherServlet        : Completed 200 OK
2020-07-07 20:32:30.871 DEBUG 33582 --- [http-nio-9221-exec-2] o.s.web.servlet.DispatcherServlet        : GET "/v1/ignore/ruleName", parameters={}
2020-07-07 20:32:30.872 DEBUG 33582 --- [http-nio-9221-exec-2] s.w.s.m.m.a.RequestMappingHandlerMapping : Mapped to com.hcl.appscan.customscannersservice.controller.CustomScannersController#getRuleNameIgnoreRules()
2020-07-07 20:32:30.873 DEBUG 33582 --- [http-nio-9221-exec-2] o.s.w.s.m.m.a.HttpEntityMethodProcessor  : Using 'application/json', given [application/json] and supported [application/json]
2020-07-07 20:32:30.873 DEBUG 33582 --- [http-nio-9221-exec-2] o.s.w.s.m.m.a.HttpEntityMethodProcessor  : Writing [[]]
2020-07-07 20:32:30.874 DEBUG 33582 --- [http-nio-9221-exec-2] o.s.web.servlet.DispatcherServlet        : Completed 200 OK
2020-07-07 20:32:30.883 DEBUG 33582 --- [http-nio-9221-exec-4] o.s.web.servlet.DispatcherServlet        : POST "/v1/scanFile", parameters={masked}
2020-07-07 20:32:30.883 DEBUG 33582 --- [http-nio-9221-exec-4] s.w.s.m.m.a.RequestMappingHandlerMapping : Mapped to com.hcl.appscan.customscannersservice.controller.CustomScannersController#runScanFile(MultipartFile, String, int[])
2020-07-07 20:32:30.885 DEBUG 33582 --- [http-nio-9221-exec-4] o.s.w.s.m.m.a.HttpEntityMethodProcessor  : Using 'application/json', given [application/json] and supported [application/json]
2020-07-07 20:32:30.886 DEBUG 33582 --- [http-nio-9221-exec-4] o.s.w.s.m.m.a.HttpEntityMethodProcessor  : Writing [CustomScannerServiceResult{findings=[], articles={}}]
2020-07-07 20:32:30.886 DEBUG 33582 --- [http-nio-9221-exec-4] o.s.web.servlet.DispatcherServlet        : Completed 200 OK
2020-07-07 20:33:07.712 DEBUG 33582 --- [http-nio-9221-exec-3] o.s.web.servlet.DispatcherServlet        : GET "/v1/ignore/ruleName", parameters={}
2020-07-07 20:33:07.713 DEBUG 33582 --- [http-nio-9221-exec-3] s.w.s.m.m.a.RequestMappingHandlerMapping : Mapped to com.hcl.appscan.customscannersservice.controller.CustomScannersController#getRuleNameIgnoreRules()
2020-07-07 20:33:07.714 DEBUG 33582 --- [http-nio-9221-exec-3] o.s.w.s.m.m.a.HttpEntityMethodProcessor  : Using 'application/json', given [application/json] and supported [application/json]
2020-07-07 20:33:07.715 DEBUG 33582 --- [http-nio-9221-exec-5] o.s.web.servlet.DispatcherServlet        : POST "/v1/scanFile", parameters={masked}
2020-07-07 20:33:07.715 DEBUG 33582 --- [http-nio-9221-exec-3] o.s.w.s.m.m.a.HttpEntityMethodProcessor  : Writing [[]]
2020-07-07 20:33:07.715 DEBUG 33582 --- [http-nio-9221-exec-5] s.w.s.m.m.a.RequestMappingHandlerMapping : Mapped to com.hcl.appscan.customscannersservice.controller.CustomScannersController#runScanFile(MultipartFile, String, int[])
2020-07-07 20:33:07.716 DEBUG 33582 --- [http-nio-9221-exec-3] o.s.web.servlet.DispatcherServlet        : Completed 200 OK
2020-07-07 20:33:07.722 DEBUG 33582 --- [http-nio-9221-exec-5] o.s.w.s.m.m.a.HttpEntityMethodProcessor  : Using 'application/json', given [application/json] and supported [application/json]
2020-07-07 20:33:07.723 DEBUG 33582 --- [http-nio-9221-exec-5] o.s.w.s.m.m.a.HttpEntityMethodProcessor  : Writing [CustomScannerServiceResult{findings=[], articles={}}]
2020-07-07 20:33:07.724 DEBUG 33582 --- [http-nio-9221-exec-5] o.s.web.servlet.DispatcherServlet        : Completed 200 OK
2020-07-07 20:33:30.276 DEBUG 33582 --- [http-nio-9221-exec-6] o.s.web.servlet.DispatcherServlet        : POST "/v1/scanFile", parameters={masked}
2020-07-07 20:33:30.277 DEBUG 33582 --- [http-nio-9221-exec-6] s.w.s.m.m.a.RequestMappingHandlerMapping : Mapped to com.hcl.appscan.customscannersservice.controller.CustomScannersController#runScanFile(MultipartFile, String, int[])
2020-07-07 20:33:30.283 DEBUG 33582 --- [http-nio-9221-exec-6] o.s.w.s.m.m.a.HttpEntityMethodProcessor  : Using 'application/json', given [application/json] and supported [application/json]
2020-07-07 20:33:30.284 DEBUG 33582 --- [http-nio-9221-exec-6] o.s.w.s.m.m.a.HttpEntityMethodProcessor  : Writing [CustomScannerServiceResult{findings=[CustomScannersServiceFinding{file='app.component.ts', lineNumbe (truncated)...]
2020-07-07 20:33:30.286 DEBUG 33582 --- [http-nio-9221-exec-6] o.s.web.servlet.DispatcherServlet        : Completed 200 OK
2020-07-07 20:33:48.026 DEBUG 33582 --- [http-nio-9221-exec-7] o.s.web.servlet.DispatcherServlet        : GET "/v1/ignore/ruleName", parameters={}
2020-07-07 20:33:48.027 DEBUG 33582 --- [http-nio-9221-exec-7] s.w.s.m.m.a.RequestMappingHandlerMapping : Mapped to com.hcl.appscan.customscannersservice.controller.CustomScannersController#getRuleNameIgnoreRules()
2020-07-07 20:33:48.027 DEBUG 33582 --- [http-nio-9221-exec-7] o.s.w.s.m.m.a.HttpEntityMethodProcessor  : Using 'application/json', given [application/json] and supported [application/json]
2020-07-07 20:33:48.028 DEBUG 33582 --- [http-nio-9221-exec-7] o.s.w.s.m.m.a.HttpEntityMethodProcessor  : Writing [[]]
2020-07-07 20:33:48.029 DEBUG 33582 --- [http-nio-9221-exec-7] o.s.web.servlet.DispatcherServlet        : Completed 200 OK
2020-07-07 20:33:48.032 DEBUG 33582 --- [http-nio-9221-exec-8] o.s.web.servlet.DispatcherServlet        : POST "/v1/scanFile", parameters={masked}
2020-07-07 20:33:48.032 DEBUG 33582 --- [http-nio-9221-exec-8] s.w.s.m.m.a.RequestMappingHandlerMapping : Mapped to com.hcl.appscan.customscannersservice.controller.CustomScannersController#runScanFile(MultipartFile, String, int[])
2020-07-07 20:33:48.036 DEBUG 33582 --- [http-nio-9221-exec-8] o.s.w.s.m.m.a.HttpEntityMethodProcessor  : Using 'application/json', given [application/json] and supported [application/json]
2020-07-07 20:33:48.036 DEBUG 33582 --- [http-nio-9221-exec-8] o.s.w.s.m.m.a.HttpEntityMethodProcessor  : Writing [CustomScannerServiceResult{findings=[], articles={}}]
2020-07-07 20:33:48.038 DEBUG 33582 --- [http-nio-9221-exec-8] o.s.web.servlet.DispatcherServlet        : Completed 200 OK
2020-07-07 20:41:51.304 DEBUG 33582 --- [http-nio-9221-exec-9] o.s.web.servlet.DispatcherServlet        : GET "/v1/ignore/ruleName", parameters={}
2020-07-07 20:41:51.305 DEBUG 33582 --- [http-nio-9221-exec-9] s.w.s.m.m.a.RequestMappingHandlerMapping : Mapped to com.hcl.appscan.customscannersservice.controller.CustomScannersController#getRuleNameIgnoreRules()
2020-07-07 20:41:51.305 DEBUG 33582 --- [http-nio-9221-exec-10] o.s.web.servlet.DispatcherServlet        : POST "/v1/scanFile", parameters={masked}
2020-07-07 20:41:51.306 DEBUG 33582 --- [http-nio-9221-exec-10] s.w.s.m.m.a.RequestMappingHandlerMapping : Mapped to com.hcl.appscan.customscannersservice.controller.CustomScannersController#runScanFile(MultipartFile, String, int[])
2020-07-07 20:41:51.306 DEBUG 33582 --- [http-nio-9221-exec-9] o.s.w.s.m.m.a.HttpEntityMethodProcessor  : Using 'application/json', given [application/json] and supported [application/json]
2020-07-07 20:41:51.306 DEBUG 33582 --- [http-nio-9221-exec-9] o.s.w.s.m.m.a.HttpEntityMethodProcessor  : Writing [[]]
2020-07-07 20:41:51.306 DEBUG 33582 --- [http-nio-9221-exec-9] o.s.web.servlet.DispatcherServlet        : Completed 200 OK
2020-07-07 20:41:51.308 DEBUG 33582 --- [http-nio-9221-exec-10] o.s.w.s.m.m.a.HttpEntityMethodProcessor  : Using 'application/json', given [application/json] and supported [application/json]
2020-07-07 20:41:51.308 DEBUG 33582 --- [http-nio-9221-exec-10] o.s.w.s.m.m.a.HttpEntityMethodProcessor  : Writing [CustomScannerServiceResult{findings=[], articles={}}]
2020-07-07 20:41:51.309 DEBUG 33582 --- [http-nio-9221-exec-10] o.s.web.servlet.DispatcherServlet        : Completed 200 OK
2020-07-07 20:46:05.314 DEBUG 33582 --- [http-nio-9221-exec-1] o.s.web.servlet.DispatcherServlet        : GET "/v1/ignore/ruleName", parameters={}
2020-07-07 20:46:05.315 DEBUG 33582 --- [http-nio-9221-exec-1] s.w.s.m.m.a.RequestMappingHandlerMapping : Mapped to com.hcl.appscan.customscannersservice.controller.CustomScannersController#getRuleNameIgnoreRules()
2020-07-07 20:46:05.316 DEBUG 33582 --- [http-nio-9221-exec-1] o.s.w.s.m.m.a.HttpEntityMethodProcessor  : Using 'application/json', given [application/json] and supported [application/json]
2020-07-07 20:46:05.316 DEBUG 33582 --- [http-nio-9221-exec-1] o.s.w.s.m.m.a.HttpEntityMethodProcessor  : Writing [[]]
2020-07-07 20:46:05.316 DEBUG 33582 --- [http-nio-9221-exec-1] o.s.web.servlet.DispatcherServlet        : Completed 200 OK
2020-07-07 20:46:05.316 DEBUG 33582 --- [http-nio-9221-exec-2] o.s.web.servlet.DispatcherServlet        : POST "/v1/scanFile", parameters={masked}
2020-07-07 20:46:05.317 DEBUG 33582 --- [http-nio-9221-exec-2] s.w.s.m.m.a.RequestMappingHandlerMapping : Mapped to com.hcl.appscan.customscannersservice.controller.CustomScannersController#runScanFile(MultipartFile, String, int[])
2020-07-07 20:46:05.321 DEBUG 33582 --- [http-nio-9221-exec-2] o.s.w.s.m.m.a.HttpEntityMethodProcessor  : Using 'application/json', given [application/json] and supported [application/json]
2020-07-07 20:46:05.322 DEBUG 33582 --- [http-nio-9221-exec-2] o.s.w.s.m.m.a.HttpEntityMethodProcessor  : Writing [CustomScannerServiceResult{findings=[], articles={}}]
2020-07-07 20:46:05.323 DEBUG 33582 --- [http-nio-9221-exec-2] o.s.web.servlet.DispatcherServlet        : Completed 200 OK
2020-07-07 20:46:10.427 DEBUG 33582 --- [http-nio-9221-exec-4] o.s.web.servlet.DispatcherServlet        : GET "/v1/ignore/ruleName", parameters={}
2020-07-07 20:46:10.428 DEBUG 33582 --- [http-nio-9221-exec-4] s.w.s.m.m.a.RequestMappingHandlerMapping : Mapped to com.hcl.appscan.customscannersservice.controller.CustomScannersController#getRuleNameIgnoreRules()
2020-07-07 20:46:10.428 DEBUG 33582 --- [http-nio-9221-exec-4] o.s.w.s.m.m.a.HttpEntityMethodProcessor  : Using 'application/json', given [application/json] and supported [application/json]
2020-07-07 20:46:10.428 DEBUG 33582 --- [http-nio-9221-exec-4] o.s.w.s.m.m.a.HttpEntityMethodProcessor  : Writing [[]]
2020-07-07 20:46:10.429 DEBUG 33582 --- [http-nio-9221-exec-3] o.s.web.servlet.DispatcherServlet        : POST "/v1/scanFile", parameters={masked}
2020-07-07 20:46:10.429 DEBUG 33582 --- [http-nio-9221-exec-3] s.w.s.m.m.a.RequestMappingHandlerMapping : Mapped to com.hcl.appscan.customscannersservice.controller.CustomScannersController#runScanFile(MultipartFile, String, int[])
2020-07-07 20:46:10.431 DEBUG 33582 --- [http-nio-9221-exec-4] o.s.web.servlet.DispatcherServlet        : Completed 200 OK
2020-07-07 20:46:10.434 DEBUG 33582 --- [http-nio-9221-exec-3] o.s.w.s.m.m.a.HttpEntityMethodProcessor  : Using 'application/json', given [application/json] and supported [application/json]
2020-07-07 20:46:10.434 DEBUG 33582 --- [http-nio-9221-exec-3] o.s.w.s.m.m.a.HttpEntityMethodProcessor  : Writing [CustomScannerServiceResult{findings=[], articles={}}]
2020-07-07 20:46:10.435 DEBUG 33582 --- [http-nio-9221-exec-3] o.s.web.servlet.DispatcherServlet        : Completed 200 OK
2020-07-07 20:46:55.729 DEBUG 33582 --- [http-nio-9221-exec-5] o.s.web.servlet.DispatcherServlet        : GET "/v1/ignore/ruleName", parameters={}
2020-07-07 20:46:55.731 DEBUG 33582 --- [http-nio-9221-exec-5] s.w.s.m.m.a.RequestMappingHandlerMapping : Mapped to com.hcl.appscan.customscannersservice.controller.CustomScannersController#getRuleNameIgnoreRules()
2020-07-07 20:46:55.733 DEBUG 33582 --- [http-nio-9221-exec-5] o.s.w.s.m.m.a.HttpEntityMethodProcessor  : Using 'application/json', given [application/json] and supported [application/json]
2020-07-07 20:46:55.733 DEBUG 33582 --- [http-nio-9221-exec-5] o.s.w.s.m.m.a.HttpEntityMethodProcessor  : Writing [[]]
2020-07-07 20:46:55.734 DEBUG 33582 --- [http-nio-9221-exec-5] o.s.web.servlet.DispatcherServlet        : Completed 200 OK
2020-07-07 20:46:55.734 DEBUG 33582 --- [http-nio-9221-exec-6] o.s.web.servlet.DispatcherServlet        : POST "/v1/scanFile", parameters={masked}
2020-07-07 20:46:55.735 DEBUG 33582 --- [http-nio-9221-exec-6] s.w.s.m.m.a.RequestMappingHandlerMapping : Mapped to com.hcl.appscan.customscannersservice.controller.CustomScannersController#runScanFile(MultipartFile, String, int[])
2020-07-07 20:46:55.737 DEBUG 33582 --- [http-nio-9221-exec-6] o.s.w.s.m.m.a.HttpEntityMethodProcessor  : Using 'application/json', given [application/json] and supported [application/json]
2020-07-07 20:46:55.737 DEBUG 33582 --- [http-nio-9221-exec-6] o.s.w.s.m.m.a.HttpEntityMethodProcessor  : Writing [CustomScannerServiceResult{findings=[], articles={}}]
2020-07-07 20:46:55.738 DEBUG 33582 --- [http-nio-9221-exec-6] o.s.web.servlet.DispatcherServlet        : Completed 200 OK
2020-07-07 20:49:07.260 DEBUG 33582 --- [http-nio-9221-exec-7] o.s.web.servlet.DispatcherServlet        : GET "/v1/ignore/ruleName", parameters={}
2020-07-07 20:49:07.261 DEBUG 33582 --- [http-nio-9221-exec-7] s.w.s.m.m.a.RequestMappingHandlerMapping : Mapped to com.hcl.appscan.customscannersservice.controller.CustomScannersController#getRuleNameIgnoreRules()
2020-07-07 20:49:07.262 DEBUG 33582 --- [http-nio-9221-exec-7] o.s.w.s.m.m.a.HttpEntityMethodProcessor  : Using 'application/json', given [application/json] and supported [application/json]
2020-07-07 20:49:07.262 DEBUG 33582 --- [http-nio-9221-exec-7] o.s.w.s.m.m.a.HttpEntityMethodProcessor  : Writing [[]]
2020-07-07 20:49:07.262 DEBUG 33582 --- [http-nio-9221-exec-7] o.s.web.servlet.DispatcherServlet        : Completed 200 OK
2020-07-07 20:49:07.263 DEBUG 33582 --- [http-nio-9221-exec-8] o.s.web.servlet.DispatcherServlet        : POST "/v1/scanFile", parameters={masked}
2020-07-07 20:49:07.264 DEBUG 33582 --- [http-nio-9221-exec-8] s.w.s.m.m.a.RequestMappingHandlerMapping : Mapped to com.hcl.appscan.customscannersservice.controller.CustomScannersController#runScanFile(MultipartFile, String, int[])
2020-07-07 20:49:07.267 DEBUG 33582 --- [http-nio-9221-exec-8] o.s.w.s.m.m.a.HttpEntityMethodProcessor  : Using 'application/json', given [application/json] and supported [application/json]
2020-07-07 20:49:07.267 DEBUG 33582 --- [http-nio-9221-exec-8] o.s.w.s.m.m.a.HttpEntityMethodProcessor  : Writing [CustomScannerServiceResult{findings=[], articles={}}]
2020-07-07 20:49:07.267 DEBUG 33582 --- [http-nio-9221-exec-8] o.s.web.servlet.DispatcherServlet        : Completed 200 OK
2020-07-07 20:49:29.998 DEBUG 33582 --- [http-nio-9221-exec-9] o.s.web.servlet.DispatcherServlet        : GET "/v1/ignore/ruleName", parameters={}
2020-07-07 20:49:30.000 DEBUG 33582 --- [http-nio-9221-exec-9] s.w.s.m.m.a.RequestMappingHandlerMapping : Mapped to com.hcl.appscan.customscannersservice.controller.CustomScannersController#getRuleNameIgnoreRules()
2020-07-07 20:49:30.001 DEBUG 33582 --- [http-nio-9221-exec-9] o.s.w.s.m.m.a.HttpEntityMethodProcessor  : Using 'application/json', given [application/json] and supported [application/json]
2020-07-07 20:49:30.001 DEBUG 33582 --- [http-nio-9221-exec-9] o.s.w.s.m.m.a.HttpEntityMethodProcessor  : Writing [[]]
2020-07-07 20:49:30.001 DEBUG 33582 --- [http-nio-9221-exec-9] o.s.web.servlet.DispatcherServlet        : Completed 200 OK
2020-07-07 20:49:30.002 DEBUG 33582 --- [http-nio-9221-exec-10] o.s.web.servlet.DispatcherServlet        : POST "/v1/scanFile", parameters={masked}
2020-07-07 20:49:30.002 DEBUG 33582 --- [http-nio-9221-exec-10] s.w.s.m.m.a.RequestMappingHandlerMapping : Mapped to com.hcl.appscan.customscannersservice.controller.CustomScannersController#runScanFile(MultipartFile, String, int[])
2020-07-07 20:49:30.006 DEBUG 33582 --- [http-nio-9221-exec-10] o.s.w.s.m.m.a.HttpEntityMethodProcessor  : Using 'application/json', given [application/json] and supported [application/json]
2020-07-07 20:49:30.006 DEBUG 33582 --- [http-nio-9221-exec-10] o.s.w.s.m.m.a.HttpEntityMethodProcessor  : Writing [CustomScannerServiceResult{findings=[], articles={}}]
2020-07-07 20:49:30.009 DEBUG 33582 --- [http-nio-9221-exec-10] o.s.web.servlet.DispatcherServlet        : Completed 200 OK
